The system is: Linux - 3.13.0-107-generic - x86_64
Compiling the C compiler identification source file "CMakeCCompilerId.c" succeeded.
Compiler: /vagrant/llvm/build/bin/clang 
Build flags: 
Id flags: 

The output was:
0


Compilation of the C compiler identification source "CMakeCCompilerId.c" produced "a.out"

The C compiler identification is Clang, found in "/home/vagrant/reproduce_static_dependency_crash/build_static/CMakeFiles/3.7.2/CompilerIdC/a.out"

Compiling the CXX compiler identification source file "CMakeCXXCompilerId.cpp" succeeded.
Compiler: /vagrant/llvm/build/bin/clang++ 
Build flags: 
Id flags: 

The output was:
0


Compilation of the CXX compiler identification source "CMakeCXXCompilerId.cpp" produced "a.out"

The CXX compiler identification is Clang, found in "/home/vagrant/reproduce_static_dependency_crash/build_static/CMakeFiles/3.7.2/CompilerIdCXX/a.out"

Determining if the C compiler works passed with the following output:
Change Dir: /home/vagrant/reproduce_static_dependency_crash/build_static/CMakeFiles/CMakeTmp

Run Build Command:"/usr/bin/make" "cmTC_8ca87/fast"
/usr/bin/make -f CMakeFiles/cmTC_8ca87.dir/build.make CMakeFiles/cmTC_8ca87.dir/build
make[1]: Entering directory `/home/vagrant/reproduce_static_dependency_crash/build_static/CMakeFiles/CMakeTmp'
Building C object CMakeFiles/cmTC_8ca87.dir/testCCompiler.c.o
/vagrant/llvm/build/bin/clang     -o CMakeFiles/cmTC_8ca87.dir/testCCompiler.c.o   -c /home/vagrant/reproduce_static_dependency_crash/build_static/CMakeFiles/CMakeTmp/testCCompiler.c
Linking C executable cmTC_8ca87
/home/vagrant/cmake-3.7.2-Linux-x86_64/bin/cmake -E cmake_link_script CMakeFiles/cmTC_8ca87.dir/link.txt --verbose=1
/vagrant/llvm/build/bin/clang       CMakeFiles/cmTC_8ca87.dir/testCCompiler.c.o  -o cmTC_8ca87 
make[1]: Leaving directory `/home/vagrant/reproduce_static_dependency_crash/build_static/CMakeFiles/CMakeTmp'


Detecting C compiler ABI info compiled with the following output:
Change Dir: /home/vagrant/reproduce_static_dependency_crash/build_static/CMakeFiles/CMakeTmp

Run Build Command:"/usr/bin/make" "cmTC_2a545/fast"
/usr/bin/make -f CMakeFiles/cmTC_2a545.dir/build.make CMakeFiles/cmTC_2a545.dir/build
make[1]: Entering directory `/home/vagrant/reproduce_static_dependency_crash/build_static/CMakeFiles/CMakeTmp'
Building C object CMakeFiles/cmTC_2a545.dir/CMakeCCompilerABI.c.o
/vagrant/llvm/build/bin/clang     -o CMakeFiles/cmTC_2a545.dir/CMakeCCompilerABI.c.o   -c /home/vagrant/cmake-3.7.2-Linux-x86_64/share/cmake-3.7/Modules/CMakeCCompilerABI.c
Linking C executable cmTC_2a545
/home/vagrant/cmake-3.7.2-Linux-x86_64/bin/cmake -E cmake_link_script CMakeFiles/cmTC_2a545.dir/link.txt --verbose=1
/vagrant/llvm/build/bin/clang      -v CMakeFiles/cmTC_2a545.dir/CMakeCCompilerABI.c.o  -o cmTC_2a545  
clang version 3.9.1 
Target: x86_64-unknown-linux-gnu
Thread model: posix
InstalledDir: /vagrant/llvm/build/bin
Found candidate GCC installation: /usr/lib/gcc/x86_64-linux-gnu/4.8
Found candidate GCC installation: /usr/lib/gcc/x86_64-linux-gnu/4.8.4
Found candidate GCC installation: /usr/lib/gcc/x86_64-linux-gnu/4.9
Found candidate GCC installation: /usr/lib/gcc/x86_64-linux-gnu/4.9.3
Selected GCC installation: /usr/lib/gcc/x86_64-linux-gnu/4.8
Candidate multilib: .;@m64
Candidate multilib: 32;@m32
Candidate multilib: x32;@mx32
Selected multilib: .;@m64
 "/usr/bin/ld" -z relro --hash-style=gnu --eh-frame-hdr -m elf_x86_64 -dynamic-linker /lib64/ld-linux-x86-64.so.2 -o cmTC_2a545 /usr/lib/gcc/x86_64-linux-gnu/4.8/../../../x86_64-linux-gnu/crt1.o /usr/lib/gcc/x86_64-linux-gnu/4.8/../../../x86_64-linux-gnu/crti.o /usr/lib/gcc/x86_64-linux-gnu/4.8/crtbegin.o -L/usr/lib/gcc/x86_64-linux-gnu/4.8 -L/usr/lib/gcc/x86_64-linux-gnu/4.8/../../../x86_64-linux-gnu -L/lib/x86_64-linux-gnu -L/lib/../lib64 -L/usr/lib/x86_64-linux-gnu -L/usr/lib/gcc/x86_64-linux-gnu/4.8/../../.. -L/vagrant/llvm/build/bin/../lib -L/lib -L/usr/lib CMakeFiles/cmTC_2a545.dir/CMakeCCompilerABI.c.o -lgcc --as-needed -lgcc_s --no-as-needed -lc -lgcc --as-needed -lgcc_s --no-as-needed /usr/lib/gcc/x86_64-linux-gnu/4.8/crtend.o /usr/lib/gcc/x86_64-linux-gnu/4.8/../../../x86_64-linux-gnu/crtn.o
make[1]: Leaving directory `/home/vagrant/reproduce_static_dependency_crash/build_static/CMakeFiles/CMakeTmp'


Parsed C implicit link information from above output:
  link line regex: [^( *|.*[/\])(ld|([^/\]+-)?ld|collect2)[^/\]*( |$)]
  ignore line: [Change Dir: /home/vagrant/reproduce_static_dependency_crash/build_static/CMakeFiles/CMakeTmp]
  ignore line: []
  ignore line: [Run Build Command:"/usr/bin/make" "cmTC_2a545/fast"]
  ignore line: [/usr/bin/make -f CMakeFiles/cmTC_2a545.dir/build.make CMakeFiles/cmTC_2a545.dir/build]
  ignore line: [make[1]: Entering directory `/home/vagrant/reproduce_static_dependency_crash/build_static/CMakeFiles/CMakeTmp']
  ignore line: [Building C object CMakeFiles/cmTC_2a545.dir/CMakeCCompilerABI.c.o]
  ignore line: [/vagrant/llvm/build/bin/clang     -o CMakeFiles/cmTC_2a545.dir/CMakeCCompilerABI.c.o   -c /home/vagrant/cmake-3.7.2-Linux-x86_64/share/cmake-3.7/Modules/CMakeCCompilerABI.c]
  ignore line: [Linking C executable cmTC_2a545]
  ignore line: [/home/vagrant/cmake-3.7.2-Linux-x86_64/bin/cmake -E cmake_link_script CMakeFiles/cmTC_2a545.dir/link.txt --verbose=1]
  ignore line: [/vagrant/llvm/build/bin/clang      -v CMakeFiles/cmTC_2a545.dir/CMakeCCompilerABI.c.o  -o cmTC_2a545  ]
  ignore line: [clang version 3.9.1 ]
  ignore line: [Target: x86_64-unknown-linux-gnu]
  ignore line: [Thread model: posix]
  ignore line: [InstalledDir: /vagrant/llvm/build/bin]
  ignore line: [Found candidate GCC installation: /usr/lib/gcc/x86_64-linux-gnu/4.8]
  ignore line: [Found candidate GCC installation: /usr/lib/gcc/x86_64-linux-gnu/4.8.4]
  ignore line: [Found candidate GCC installation: /usr/lib/gcc/x86_64-linux-gnu/4.9]
  ignore line: [Found candidate GCC installation: /usr/lib/gcc/x86_64-linux-gnu/4.9.3]
  ignore line: [Selected GCC installation: /usr/lib/gcc/x86_64-linux-gnu/4.8]
  ignore line: [Candidate multilib: .]
  ignore line: [@m64]
  ignore line: [Candidate multilib: 32]
  ignore line: [@m32]
  ignore line: [Candidate multilib: x32]
  ignore line: [@mx32]
  ignore line: [Selected multilib: .]
  ignore line: [@m64]
  link line: [ "/usr/bin/ld" -z relro --hash-style=gnu --eh-frame-hdr -m elf_x86_64 -dynamic-linker /lib64/ld-linux-x86-64.so.2 -o cmTC_2a545 /usr/lib/gcc/x86_64-linux-gnu/4.8/../../../x86_64-linux-gnu/crt1.o /usr/lib/gcc/x86_64-linux-gnu/4.8/../../../x86_64-linux-gnu/crti.o /usr/lib/gcc/x86_64-linux-gnu/4.8/crtbegin.o -L/usr/lib/gcc/x86_64-linux-gnu/4.8 -L/usr/lib/gcc/x86_64-linux-gnu/4.8/../../../x86_64-linux-gnu -L/lib/x86_64-linux-gnu -L/lib/../lib64 -L/usr/lib/x86_64-linux-gnu -L/usr/lib/gcc/x86_64-linux-gnu/4.8/../../.. -L/vagrant/llvm/build/bin/../lib -L/lib -L/usr/lib CMakeFiles/cmTC_2a545.dir/CMakeCCompilerABI.c.o -lgcc --as-needed -lgcc_s --no-as-needed -lc -lgcc --as-needed -lgcc_s --no-as-needed /usr/lib/gcc/x86_64-linux-gnu/4.8/crtend.o /usr/lib/gcc/x86_64-linux-gnu/4.8/../../../x86_64-linux-gnu/crtn.o]
    arg [/usr/bin/ld] ==> ignore
    arg [-zrelro] ==> ignore
    arg [--hash-style=gnu] ==> ignore
    arg [--eh-frame-hdr] ==> ignore
    arg [-m] ==> ignore
    arg [elf_x86_64] ==> ignore
    arg [-dynamic-linker] ==> ignore
    arg [/lib64/ld-linux-x86-64.so.2] ==> ignore
    arg [-o] ==> ignore
    arg [cmTC_2a545] ==> ignore
    arg [/usr/lib/gcc/x86_64-linux-gnu/4.8/../../../x86_64-linux-gnu/crt1.o] ==> ignore
    arg [/usr/lib/gcc/x86_64-linux-gnu/4.8/../../../x86_64-linux-gnu/crti.o] ==> ignore
    arg [/usr/lib/gcc/x86_64-linux-gnu/4.8/crtbegin.o] ==> ignore
    arg [-L/usr/lib/gcc/x86_64-linux-gnu/4.8] ==> dir [/usr/lib/gcc/x86_64-linux-gnu/4.8]
    arg [-L/usr/lib/gcc/x86_64-linux-gnu/4.8/../../../x86_64-linux-gnu] ==> dir [/usr/lib/gcc/x86_64-linux-gnu/4.8/../../../x86_64-linux-gnu]
    arg [-L/lib/x86_64-linux-gnu] ==> dir [/lib/x86_64-linux-gnu]
    arg [-L/lib/../lib64] ==> dir [/lib/../lib64]
    arg [-L/usr/lib/x86_64-linux-gnu] ==> dir [/usr/lib/x86_64-linux-gnu]
    arg [-L/usr/lib/gcc/x86_64-linux-gnu/4.8/../../..] ==> dir [/usr/lib/gcc/x86_64-linux-gnu/4.8/../../..]
    arg [-L/vagrant/llvm/build/bin/../lib] ==> dir [/vagrant/llvm/build/bin/../lib]
    arg [-L/lib] ==> dir [/lib]
    arg [-L/usr/lib] ==> dir [/usr/lib]
    arg [CMakeFiles/cmTC_2a545.dir/CMakeCCompilerABI.c.o] ==> ignore
    arg [-lgcc] ==> lib [gcc]
    arg [--as-needed] ==> ignore
    arg [-lgcc_s] ==> lib [gcc_s]
    arg [--no-as-needed] ==> ignore
    arg [-lc] ==> lib [c]
    arg [-lgcc] ==> lib [gcc]
    arg [--as-needed] ==> ignore
    arg [-lgcc_s] ==> lib [gcc_s]
    arg [--no-as-needed] ==> ignore
    arg [/usr/lib/gcc/x86_64-linux-gnu/4.8/crtend.o] ==> ignore
    arg [/usr/lib/gcc/x86_64-linux-gnu/4.8/../../../x86_64-linux-gnu/crtn.o] ==> ignore
  remove lib [gcc]
  remove lib [gcc_s]
  remove lib [gcc]
  remove lib [gcc_s]
  collapse library dir [/usr/lib/gcc/x86_64-linux-gnu/4.8] ==> [/usr/lib/gcc/x86_64-linux-gnu/4.8]
  collapse library dir [/usr/lib/gcc/x86_64-linux-gnu/4.8/../../../x86_64-linux-gnu] ==> [/usr/lib/x86_64-linux-gnu]
  collapse library dir [/lib/x86_64-linux-gnu] ==> [/lib/x86_64-linux-gnu]
  collapse library dir [/lib/../lib64] ==> [/lib64]
  collapse library dir [/usr/lib/x86_64-linux-gnu] ==> [/usr/lib/x86_64-linux-gnu]
  collapse library dir [/usr/lib/gcc/x86_64-linux-gnu/4.8/../../..] ==> [/usr/lib]
  collapse library dir [/vagrant/llvm/build/bin/../lib] ==> [/vagrant/llvm/build/lib]
  collapse library dir [/lib] ==> [/lib]
  collapse library dir [/usr/lib] ==> [/usr/lib]
  implicit libs: [c]
  implicit dirs: [/usr/lib/gcc/x86_64-linux-gnu/4.8;/usr/lib/x86_64-linux-gnu;/lib/x86_64-linux-gnu;/lib64;/usr/lib;/vagrant/llvm/build/lib;/lib]
  implicit fwks: []




Detecting C [-std=c11] compiler features compiled with the following output:
Change Dir: /home/vagrant/reproduce_static_dependency_crash/build_static/CMakeFiles/CMakeTmp

Run Build Command:"/usr/bin/make" "cmTC_a2dfd/fast"
/usr/bin/make -f CMakeFiles/cmTC_a2dfd.dir/build.make CMakeFiles/cmTC_a2dfd.dir/build
make[1]: Entering directory `/home/vagrant/reproduce_static_dependency_crash/build_static/CMakeFiles/CMakeTmp'
Building C object CMakeFiles/cmTC_a2dfd.dir/feature_tests.c.o
/vagrant/llvm/build/bin/clang    -std=c11 -o CMakeFiles/cmTC_a2dfd.dir/feature_tests.c.o   -c /home/vagrant/reproduce_static_dependency_crash/build_static/CMakeFiles/feature_tests.c
Linking C executable cmTC_a2dfd
/home/vagrant/cmake-3.7.2-Linux-x86_64/bin/cmake -E cmake_link_script CMakeFiles/cmTC_a2dfd.dir/link.txt --verbose=1
/vagrant/llvm/build/bin/clang       CMakeFiles/cmTC_a2dfd.dir/feature_tests.c.o  -o cmTC_a2dfd 
make[1]: Leaving directory `/home/vagrant/reproduce_static_dependency_crash/build_static/CMakeFiles/CMakeTmp'


    Feature record: C_FEATURE:1c_function_prototypes
    Feature record: C_FEATURE:1c_restrict
    Feature record: C_FEATURE:1c_static_assert
    Feature record: C_FEATURE:1c_variadic_macros


Detecting C [-std=c99] compiler features compiled with the following output:
Change Dir: /home/vagrant/reproduce_static_dependency_crash/build_static/CMakeFiles/CMakeTmp

Run Build Command:"/usr/bin/make" "cmTC_83707/fast"
/usr/bin/make -f CMakeFiles/cmTC_83707.dir/build.make CMakeFiles/cmTC_83707.dir/build
make[1]: Entering directory `/home/vagrant/reproduce_static_dependency_crash/build_static/CMakeFiles/CMakeTmp'
Building C object CMakeFiles/cmTC_83707.dir/feature_tests.c.o
/vagrant/llvm/build/bin/clang    -std=c99 -o CMakeFiles/cmTC_83707.dir/feature_tests.c.o   -c /home/vagrant/reproduce_static_dependency_crash/build_static/CMakeFiles/feature_tests.c
Linking C executable cmTC_83707
/home/vagrant/cmake-3.7.2-Linux-x86_64/bin/cmake -E cmake_link_script CMakeFiles/cmTC_83707.dir/link.txt --verbose=1
/vagrant/llvm/build/bin/clang       CMakeFiles/cmTC_83707.dir/feature_tests.c.o  -o cmTC_83707 
make[1]: Leaving directory `/home/vagrant/reproduce_static_dependency_crash/build_static/CMakeFiles/CMakeTmp'


    Feature record: C_FEATURE:1c_function_prototypes
    Feature record: C_FEATURE:1c_restrict
    Feature record: C_FEATURE:0c_static_assert
    Feature record: C_FEATURE:1c_variadic_macros


Detecting C [-std=c90] compiler features compiled with the following output:
Change Dir: /home/vagrant/reproduce_static_dependency_crash/build_static/CMakeFiles/CMakeTmp

Run Build Command:"/usr/bin/make" "cmTC_b23c4/fast"
/usr/bin/make -f CMakeFiles/cmTC_b23c4.dir/build.make CMakeFiles/cmTC_b23c4.dir/build
make[1]: Entering directory `/home/vagrant/reproduce_static_dependency_crash/build_static/CMakeFiles/CMakeTmp'
Building C object CMakeFiles/cmTC_b23c4.dir/feature_tests.c.o
/vagrant/llvm/build/bin/clang    -std=c90 -o CMakeFiles/cmTC_b23c4.dir/feature_tests.c.o   -c /home/vagrant/reproduce_static_dependency_crash/build_static/CMakeFiles/feature_tests.c
Linking C executable cmTC_b23c4
/home/vagrant/cmake-3.7.2-Linux-x86_64/bin/cmake -E cmake_link_script CMakeFiles/cmTC_b23c4.dir/link.txt --verbose=1
/vagrant/llvm/build/bin/clang       CMakeFiles/cmTC_b23c4.dir/feature_tests.c.o  -o cmTC_b23c4 
make[1]: Leaving directory `/home/vagrant/reproduce_static_dependency_crash/build_static/CMakeFiles/CMakeTmp'


    Feature record: C_FEATURE:1c_function_prototypes
    Feature record: C_FEATURE:0c_restrict
    Feature record: C_FEATURE:0c_static_assert
    Feature record: C_FEATURE:0c_variadic_macros
Determining if the CXX compiler works passed with the following output:
Change Dir: /home/vagrant/reproduce_static_dependency_crash/build_static/CMakeFiles/CMakeTmp

Run Build Command:"/usr/bin/make" "cmTC_05528/fast"
/usr/bin/make -f CMakeFiles/cmTC_05528.dir/build.make CMakeFiles/cmTC_05528.dir/build
make[1]: Entering directory `/home/vagrant/reproduce_static_dependency_crash/build_static/CMakeFiles/CMakeTmp'
Building CXX object CMakeFiles/cmTC_05528.dir/testCXXCompiler.cxx.o
/vagrant/llvm/build/bin/clang++      -o CMakeFiles/cmTC_05528.dir/testCXXCompiler.cxx.o -c /home/vagrant/reproduce_static_dependency_crash/build_static/CMakeFiles/CMakeTmp/testCXXCompiler.cxx
Linking CXX executable cmTC_05528
/home/vagrant/cmake-3.7.2-Linux-x86_64/bin/cmake -E cmake_link_script CMakeFiles/cmTC_05528.dir/link.txt --verbose=1
/vagrant/llvm/build/bin/clang++        CMakeFiles/cmTC_05528.dir/testCXXCompiler.cxx.o  -o cmTC_05528 
make[1]: Leaving directory `/home/vagrant/reproduce_static_dependency_crash/build_static/CMakeFiles/CMakeTmp'


Detecting CXX compiler ABI info compiled with the following output:
Change Dir: /home/vagrant/reproduce_static_dependency_crash/build_static/CMakeFiles/CMakeTmp

Run Build Command:"/usr/bin/make" "cmTC_216b8/fast"
/usr/bin/make -f CMakeFiles/cmTC_216b8.dir/build.make CMakeFiles/cmTC_216b8.dir/build
make[1]: Entering directory `/home/vagrant/reproduce_static_dependency_crash/build_static/CMakeFiles/CMakeTmp'
Building CXX object CMakeFiles/cmTC_216b8.dir/CMakeCXXCompilerABI.cpp.o
/vagrant/llvm/build/bin/clang++      -o CMakeFiles/cmTC_216b8.dir/CMakeCXXCompilerABI.cpp.o -c /home/vagrant/cmake-3.7.2-Linux-x86_64/share/cmake-3.7/Modules/CMakeCXXCompilerABI.cpp
Linking CXX executable cmTC_216b8
/home/vagrant/cmake-3.7.2-Linux-x86_64/bin/cmake -E cmake_link_script CMakeFiles/cmTC_216b8.dir/link.txt --verbose=1
/vagrant/llvm/build/bin/clang++       -v CMakeFiles/cmTC_216b8.dir/CMakeCXXCompilerABI.cpp.o  -o cmTC_216b8  
clang version 3.9.1 
Target: x86_64-unknown-linux-gnu
Thread model: posix
InstalledDir: /vagrant/llvm/build/bin
Found candidate GCC installation: /usr/lib/gcc/x86_64-linux-gnu/4.8
Found candidate GCC installation: /usr/lib/gcc/x86_64-linux-gnu/4.8.4
Found candidate GCC installation: /usr/lib/gcc/x86_64-linux-gnu/4.9
Found candidate GCC installation: /usr/lib/gcc/x86_64-linux-gnu/4.9.3
Selected GCC installation: /usr/lib/gcc/x86_64-linux-gnu/4.8
Candidate multilib: .;@m64
Candidate multilib: 32;@m32
Candidate multilib: x32;@mx32
Selected multilib: .;@m64
 "/usr/bin/ld" -z relro --hash-style=gnu --eh-frame-hdr -m elf_x86_64 -dynamic-linker /lib64/ld-linux-x86-64.so.2 -o cmTC_216b8 /usr/lib/gcc/x86_64-linux-gnu/4.8/../../../x86_64-linux-gnu/crt1.o /usr/lib/gcc/x86_64-linux-gnu/4.8/../../../x86_64-linux-gnu/crti.o /usr/lib/gcc/x86_64-linux-gnu/4.8/crtbegin.o -L/usr/lib/gcc/x86_64-linux-gnu/4.8 -L/usr/lib/gcc/x86_64-linux-gnu/4.8/../../../x86_64-linux-gnu -L/lib/x86_64-linux-gnu -L/lib/../lib64 -L/usr/lib/x86_64-linux-gnu -L/usr/lib/gcc/x86_64-linux-gnu/4.8/../../.. -L/vagrant/llvm/build/bin/../lib -L/lib -L/usr/lib CMakeFiles/cmTC_216b8.dir/CMakeCXXCompilerABI.cpp.o -lstdc++ -lm -lgcc_s -lgcc -lc -lgcc_s -lgcc /usr/lib/gcc/x86_64-linux-gnu/4.8/crtend.o /usr/lib/gcc/x86_64-linux-gnu/4.8/../../../x86_64-linux-gnu/crtn.o
make[1]: Leaving directory `/home/vagrant/reproduce_static_dependency_crash/build_static/CMakeFiles/CMakeTmp'


Parsed CXX implicit link information from above output:
  link line regex: [^( *|.*[/\])(ld|([^/\]+-)?ld|collect2)[^/\]*( |$)]
  ignore line: [Change Dir: /home/vagrant/reproduce_static_dependency_crash/build_static/CMakeFiles/CMakeTmp]
  ignore line: []
  ignore line: [Run Build Command:"/usr/bin/make" "cmTC_216b8/fast"]
  ignore line: [/usr/bin/make -f CMakeFiles/cmTC_216b8.dir/build.make CMakeFiles/cmTC_216b8.dir/build]
  ignore line: [make[1]: Entering directory `/home/vagrant/reproduce_static_dependency_crash/build_static/CMakeFiles/CMakeTmp']
  ignore line: [Building CXX object CMakeFiles/cmTC_216b8.dir/CMakeCXXCompilerABI.cpp.o]
  ignore line: [/vagrant/llvm/build/bin/clang++      -o CMakeFiles/cmTC_216b8.dir/CMakeCXXCompilerABI.cpp.o -c /home/vagrant/cmake-3.7.2-Linux-x86_64/share/cmake-3.7/Modules/CMakeCXXCompilerABI.cpp]
  ignore line: [Linking CXX executable cmTC_216b8]
  ignore line: [/home/vagrant/cmake-3.7.2-Linux-x86_64/bin/cmake -E cmake_link_script CMakeFiles/cmTC_216b8.dir/link.txt --verbose=1]
  ignore line: [/vagrant/llvm/build/bin/clang++       -v CMakeFiles/cmTC_216b8.dir/CMakeCXXCompilerABI.cpp.o  -o cmTC_216b8  ]
  ignore line: [clang version 3.9.1 ]
  ignore line: [Target: x86_64-unknown-linux-gnu]
  ignore line: [Thread model: posix]
  ignore line: [InstalledDir: /vagrant/llvm/build/bin]
  ignore line: [Found candidate GCC installation: /usr/lib/gcc/x86_64-linux-gnu/4.8]
  ignore line: [Found candidate GCC installation: /usr/lib/gcc/x86_64-linux-gnu/4.8.4]
  ignore line: [Found candidate GCC installation: /usr/lib/gcc/x86_64-linux-gnu/4.9]
  ignore line: [Found candidate GCC installation: /usr/lib/gcc/x86_64-linux-gnu/4.9.3]
  ignore line: [Selected GCC installation: /usr/lib/gcc/x86_64-linux-gnu/4.8]
  ignore line: [Candidate multilib: .]
  ignore line: [@m64]
  ignore line: [Candidate multilib: 32]
  ignore line: [@m32]
  ignore line: [Candidate multilib: x32]
  ignore line: [@mx32]
  ignore line: [Selected multilib: .]
  ignore line: [@m64]
  link line: [ "/usr/bin/ld" -z relro --hash-style=gnu --eh-frame-hdr -m elf_x86_64 -dynamic-linker /lib64/ld-linux-x86-64.so.2 -o cmTC_216b8 /usr/lib/gcc/x86_64-linux-gnu/4.8/../../../x86_64-linux-gnu/crt1.o /usr/lib/gcc/x86_64-linux-gnu/4.8/../../../x86_64-linux-gnu/crti.o /usr/lib/gcc/x86_64-linux-gnu/4.8/crtbegin.o -L/usr/lib/gcc/x86_64-linux-gnu/4.8 -L/usr/lib/gcc/x86_64-linux-gnu/4.8/../../../x86_64-linux-gnu -L/lib/x86_64-linux-gnu -L/lib/../lib64 -L/usr/lib/x86_64-linux-gnu -L/usr/lib/gcc/x86_64-linux-gnu/4.8/../../.. -L/vagrant/llvm/build/bin/../lib -L/lib -L/usr/lib CMakeFiles/cmTC_216b8.dir/CMakeCXXCompilerABI.cpp.o -lstdc++ -lm -lgcc_s -lgcc -lc -lgcc_s -lgcc /usr/lib/gcc/x86_64-linux-gnu/4.8/crtend.o /usr/lib/gcc/x86_64-linux-gnu/4.8/../../../x86_64-linux-gnu/crtn.o]
    arg [/usr/bin/ld] ==> ignore
    arg [-zrelro] ==> ignore
    arg [--hash-style=gnu] ==> ignore
    arg [--eh-frame-hdr] ==> ignore
    arg [-m] ==> ignore
    arg [elf_x86_64] ==> ignore
    arg [-dynamic-linker] ==> ignore
    arg [/lib64/ld-linux-x86-64.so.2] ==> ignore
    arg [-o] ==> ignore
    arg [cmTC_216b8] ==> ignore
    arg [/usr/lib/gcc/x86_64-linux-gnu/4.8/../../../x86_64-linux-gnu/crt1.o] ==> ignore
    arg [/usr/lib/gcc/x86_64-linux-gnu/4.8/../../../x86_64-linux-gnu/crti.o] ==> ignore
    arg [/usr/lib/gcc/x86_64-linux-gnu/4.8/crtbegin.o] ==> ignore
    arg [-L/usr/lib/gcc/x86_64-linux-gnu/4.8] ==> dir [/usr/lib/gcc/x86_64-linux-gnu/4.8]
    arg [-L/usr/lib/gcc/x86_64-linux-gnu/4.8/../../../x86_64-linux-gnu] ==> dir [/usr/lib/gcc/x86_64-linux-gnu/4.8/../../../x86_64-linux-gnu]
    arg [-L/lib/x86_64-linux-gnu] ==> dir [/lib/x86_64-linux-gnu]
    arg [-L/lib/../lib64] ==> dir [/lib/../lib64]
    arg [-L/usr/lib/x86_64-linux-gnu] ==> dir [/usr/lib/x86_64-linux-gnu]
    arg [-L/usr/lib/gcc/x86_64-linux-gnu/4.8/../../..] ==> dir [/usr/lib/gcc/x86_64-linux-gnu/4.8/../../..]
    arg [-L/vagrant/llvm/build/bin/../lib] ==> dir [/vagrant/llvm/build/bin/../lib]
    arg [-L/lib] ==> dir [/lib]
    arg [-L/usr/lib] ==> dir [/usr/lib]
    arg [CMakeFiles/cmTC_216b8.dir/CMakeCXXCompilerABI.cpp.o] ==> ignore
    arg [-lstdc++] ==> lib [stdc++]
    arg [-lm] ==> lib [m]
    arg [-lgcc_s] ==> lib [gcc_s]
    arg [-lgcc] ==> lib [gcc]
    arg [-lc] ==> lib [c]
    arg [-lgcc_s] ==> lib [gcc_s]
    arg [-lgcc] ==> lib [gcc]
    arg [/usr/lib/gcc/x86_64-linux-gnu/4.8/crtend.o] ==> ignore
    arg [/usr/lib/gcc/x86_64-linux-gnu/4.8/../../../x86_64-linux-gnu/crtn.o] ==> ignore
  remove lib [gcc_s]
  remove lib [gcc]
  remove lib [gcc_s]
  remove lib [gcc]
  collapse library dir [/usr/lib/gcc/x86_64-linux-gnu/4.8] ==> [/usr/lib/gcc/x86_64-linux-gnu/4.8]
  collapse library dir [/usr/lib/gcc/x86_64-linux-gnu/4.8/../../../x86_64-linux-gnu] ==> [/usr/lib/x86_64-linux-gnu]
  collapse library dir [/lib/x86_64-linux-gnu] ==> [/lib/x86_64-linux-gnu]
  collapse library dir [/lib/../lib64] ==> [/lib64]
  collapse library dir [/usr/lib/x86_64-linux-gnu] ==> [/usr/lib/x86_64-linux-gnu]
  collapse library dir [/usr/lib/gcc/x86_64-linux-gnu/4.8/../../..] ==> [/usr/lib]
  collapse library dir [/vagrant/llvm/build/bin/../lib] ==> [/vagrant/llvm/build/lib]
  collapse library dir [/lib] ==> [/lib]
  collapse library dir [/usr/lib] ==> [/usr/lib]
  implicit libs: [stdc++;m;c]
  implicit dirs: [/usr/lib/gcc/x86_64-linux-gnu/4.8;/usr/lib/x86_64-linux-gnu;/lib/x86_64-linux-gnu;/lib64;/usr/lib;/vagrant/llvm/build/lib;/lib]
  implicit fwks: []




Detecting CXX [-std=c++14] compiler features compiled with the following output:
Change Dir: /home/vagrant/reproduce_static_dependency_crash/build_static/CMakeFiles/CMakeTmp

Run Build Command:"/usr/bin/make" "cmTC_e59f8/fast"
/usr/bin/make -f CMakeFiles/cmTC_e59f8.dir/build.make CMakeFiles/cmTC_e59f8.dir/build
make[1]: Entering directory `/home/vagrant/reproduce_static_dependency_crash/build_static/CMakeFiles/CMakeTmp'
Building CXX object CMakeFiles/cmTC_e59f8.dir/feature_tests.cxx.o
/vagrant/llvm/build/bin/clang++     -std=c++14 -o CMakeFiles/cmTC_e59f8.dir/feature_tests.cxx.o -c /home/vagrant/reproduce_static_dependency_crash/build_static/CMakeFiles/feature_tests.cxx
Linking CXX executable cmTC_e59f8
/home/vagrant/cmake-3.7.2-Linux-x86_64/bin/cmake -E cmake_link_script CMakeFiles/cmTC_e59f8.dir/link.txt --verbose=1
/vagrant/llvm/build/bin/clang++        CMakeFiles/cmTC_e59f8.dir/feature_tests.cxx.o  -o cmTC_e59f8 
make[1]: Leaving directory `/home/vagrant/reproduce_static_dependency_crash/build_static/CMakeFiles/CMakeTmp'


    Feature record: CXX_FEATURE:1cxx_aggregate_default_initializers
    Feature record: CXX_FEATURE:1cxx_alias_templates
    Feature record: CXX_FEATURE:1cxx_alignas
    Feature record: CXX_FEATURE:1cxx_alignof
    Feature record: CXX_FEATURE:1cxx_attributes
    Feature record: CXX_FEATURE:1cxx_attribute_deprecated
    Feature record: CXX_FEATURE:1cxx_auto_type
    Feature record: CXX_FEATURE:1cxx_binary_literals
    Feature record: CXX_FEATURE:1cxx_constexpr
    Feature record: CXX_FEATURE:1cxx_contextual_conversions
    Feature record: CXX_FEATURE:1cxx_decltype
    Feature record: CXX_FEATURE:1cxx_decltype_auto
    Feature record: CXX_FEATURE:1cxx_decltype_incomplete_return_types
    Feature record: CXX_FEATURE:1cxx_default_function_template_args
    Feature record: CXX_FEATURE:1cxx_defaulted_functions
    Feature record: CXX_FEATURE:1cxx_defaulted_move_initializers
    Feature record: CXX_FEATURE:1cxx_delegating_constructors
    Feature record: CXX_FEATURE:1cxx_deleted_functions
    Feature record: CXX_FEATURE:1cxx_digit_separators
    Feature record: CXX_FEATURE:1cxx_enum_forward_declarations
    Feature record: CXX_FEATURE:1cxx_explicit_conversions
    Feature record: CXX_FEATURE:1cxx_extended_friend_declarations
    Feature record: CXX_FEATURE:1cxx_extern_templates
    Feature record: CXX_FEATURE:1cxx_final
    Feature record: CXX_FEATURE:1cxx_func_identifier
    Feature record: CXX_FEATURE:1cxx_generalized_initializers
    Feature record: CXX_FEATURE:1cxx_generic_lambdas
    Feature record: CXX_FEATURE:1cxx_inheriting_constructors
    Feature record: CXX_FEATURE:1cxx_inline_namespaces
    Feature record: CXX_FEATURE:1cxx_lambdas
    Feature record: CXX_FEATURE:1cxx_lambda_init_captures
    Feature record: CXX_FEATURE:1cxx_local_type_template_args
    Feature record: CXX_FEATURE:1cxx_long_long_type
    Feature record: CXX_FEATURE:1cxx_noexcept
    Feature record: CXX_FEATURE:1cxx_nonstatic_member_init
    Feature record: CXX_FEATURE:1cxx_nullptr
    Feature record: CXX_FEATURE:1cxx_override
    Feature record: CXX_FEATURE:1cxx_range_for
    Feature record: CXX_FEATURE:1cxx_raw_string_literals
    Feature record: CXX_FEATURE:1cxx_reference_qualified_functions
    Feature record: CXX_FEATURE:1cxx_relaxed_constexpr
    Feature record: CXX_FEATURE:1cxx_return_type_deduction
    Feature record: CXX_FEATURE:1cxx_right_angle_brackets
    Feature record: CXX_FEATURE:1cxx_rvalue_references
    Feature record: CXX_FEATURE:1cxx_sizeof_member
    Feature record: CXX_FEATURE:1cxx_static_assert
    Feature record: CXX_FEATURE:1cxx_strong_enums
    Feature record: CXX_FEATURE:1cxx_template_template_parameters
    Feature record: CXX_FEATURE:1cxx_thread_local
    Feature record: CXX_FEATURE:1cxx_trailing_return_types
    Feature record: CXX_FEATURE:1cxx_unicode_literals
    Feature record: CXX_FEATURE:1cxx_uniform_initialization
    Feature record: CXX_FEATURE:1cxx_unrestricted_unions
    Feature record: CXX_FEATURE:1cxx_user_literals
    Feature record: CXX_FEATURE:1cxx_variable_templates
    Feature record: CXX_FEATURE:1cxx_variadic_macros
    Feature record: CXX_FEATURE:1cxx_variadic_templates


Detecting CXX [-std=c++11] compiler features compiled with the following output:
Change Dir: /home/vagrant/reproduce_static_dependency_crash/build_static/CMakeFiles/CMakeTmp

Run Build Command:"/usr/bin/make" "cmTC_3e3e2/fast"
/usr/bin/make -f CMakeFiles/cmTC_3e3e2.dir/build.make CMakeFiles/cmTC_3e3e2.dir/build
make[1]: Entering directory `/home/vagrant/reproduce_static_dependency_crash/build_static/CMakeFiles/CMakeTmp'
Building CXX object CMakeFiles/cmTC_3e3e2.dir/feature_tests.cxx.o
/vagrant/llvm/build/bin/clang++     -std=c++11 -o CMakeFiles/cmTC_3e3e2.dir/feature_tests.cxx.o -c /home/vagrant/reproduce_static_dependency_crash/build_static/CMakeFiles/feature_tests.cxx
Linking CXX executable cmTC_3e3e2
/home/vagrant/cmake-3.7.2-Linux-x86_64/bin/cmake -E cmake_link_script CMakeFiles/cmTC_3e3e2.dir/link.txt --verbose=1
/vagrant/llvm/build/bin/clang++        CMakeFiles/cmTC_3e3e2.dir/feature_tests.cxx.o  -o cmTC_3e3e2 
make[1]: Leaving directory `/home/vagrant/reproduce_static_dependency_crash/build_static/CMakeFiles/CMakeTmp'


    Feature record: CXX_FEATURE:0cxx_aggregate_default_initializers
    Feature record: CXX_FEATURE:1cxx_alias_templates
    Feature record: CXX_FEATURE:1cxx_alignas
    Feature record: CXX_FEATURE:1cxx_alignof
    Feature record: CXX_FEATURE:1cxx_attributes
    Feature record: CXX_FEATURE:0cxx_attribute_deprecated
    Feature record: CXX_FEATURE:1cxx_auto_type
    Feature record: CXX_FEATURE:0cxx_binary_literals
    Feature record: CXX_FEATURE:1cxx_constexpr
    Feature record: CXX_FEATURE:0cxx_contextual_conversions
    Feature record: CXX_FEATURE:1cxx_decltype
    Feature record: CXX_FEATURE:0cxx_decltype_auto
    Feature record: CXX_FEATURE:1cxx_decltype_incomplete_return_types
    Feature record: CXX_FEATURE:1cxx_default_function_template_args
    Feature record: CXX_FEATURE:1cxx_defaulted_functions
    Feature record: CXX_FEATURE:1cxx_defaulted_move_initializers
    Feature record: CXX_FEATURE:1cxx_delegating_constructors
    Feature record: CXX_FEATURE:1cxx_deleted_functions
    Feature record: CXX_FEATURE:0cxx_digit_separators
    Feature record: CXX_FEATURE:1cxx_enum_forward_declarations
    Feature record: CXX_FEATURE:1cxx_explicit_conversions
    Feature record: CXX_FEATURE:1cxx_extended_friend_declarations
    Feature record: CXX_FEATURE:1cxx_extern_templates
    Feature record: CXX_FEATURE:1cxx_final
    Feature record: CXX_FEATURE:1cxx_func_identifier
    Feature record: CXX_FEATURE:1cxx_generalized_initializers
    Feature record: CXX_FEATURE:0cxx_generic_lambdas
    Feature record: CXX_FEATURE:1cxx_inheriting_constructors
    Feature record: CXX_FEATURE:1cxx_inline_namespaces
    Feature record: CXX_FEATURE:1cxx_lambdas
    Feature record: CXX_FEATURE:0cxx_lambda_init_captures
    Feature record: CXX_FEATURE:1cxx_local_type_template_args
    Feature record: CXX_FEATURE:1cxx_long_long_type
    Feature record: CXX_FEATURE:1cxx_noexcept
    Feature record: CXX_FEATURE:1cxx_nonstatic_member_init
    Feature record: CXX_FEATURE:1cxx_nullptr
    Feature record: CXX_FEATURE:1cxx_override
    Feature record: CXX_FEATURE:1cxx_range_for
    Feature record: CXX_FEATURE:1cxx_raw_string_literals
    Feature record: CXX_FEATURE:1cxx_reference_qualified_functions
    Feature record: CXX_FEATURE:0cxx_relaxed_constexpr
    Feature record: CXX_FEATURE:0cxx_return_type_deduction
    Feature record: CXX_FEATURE:1cxx_right_angle_brackets
    Feature record: CXX_FEATURE:1cxx_rvalue_references
    Feature record: CXX_FEATURE:1cxx_sizeof_member
    Feature record: CXX_FEATURE:1cxx_static_assert
    Feature record: CXX_FEATURE:1cxx_strong_enums
    Feature record: CXX_FEATURE:1cxx_template_template_parameters
    Feature record: CXX_FEATURE:1cxx_thread_local
    Feature record: CXX_FEATURE:1cxx_trailing_return_types
    Feature record: CXX_FEATURE:1cxx_unicode_literals
    Feature record: CXX_FEATURE:1cxx_uniform_initialization
    Feature record: CXX_FEATURE:1cxx_unrestricted_unions
    Feature record: CXX_FEATURE:1cxx_user_literals
    Feature record: CXX_FEATURE:0cxx_variable_templates
    Feature record: CXX_FEATURE:1cxx_variadic_macros
    Feature record: CXX_FEATURE:1cxx_variadic_templates


Detecting CXX [-std=c++98] compiler features compiled with the following output:
Change Dir: /home/vagrant/reproduce_static_dependency_crash/build_static/CMakeFiles/CMakeTmp

Run Build Command:"/usr/bin/make" "cmTC_70060/fast"
/usr/bin/make -f CMakeFiles/cmTC_70060.dir/build.make CMakeFiles/cmTC_70060.dir/build
make[1]: Entering directory `/home/vagrant/reproduce_static_dependency_crash/build_static/CMakeFiles/CMakeTmp'
Building CXX object CMakeFiles/cmTC_70060.dir/feature_tests.cxx.o
/vagrant/llvm/build/bin/clang++     -std=c++98 -o CMakeFiles/cmTC_70060.dir/feature_tests.cxx.o -c /home/vagrant/reproduce_static_dependency_crash/build_static/CMakeFiles/feature_tests.cxx
Linking CXX executable cmTC_70060
/home/vagrant/cmake-3.7.2-Linux-x86_64/bin/cmake -E cmake_link_script CMakeFiles/cmTC_70060.dir/link.txt --verbose=1
/vagrant/llvm/build/bin/clang++        CMakeFiles/cmTC_70060.dir/feature_tests.cxx.o  -o cmTC_70060 
make[1]: Leaving directory `/home/vagrant/reproduce_static_dependency_crash/build_static/CMakeFiles/CMakeTmp'


    Feature record: CXX_FEATURE:0cxx_aggregate_default_initializers
    Feature record: CXX_FEATURE:0cxx_alias_templates
    Feature record: CXX_FEATURE:0cxx_alignas
    Feature record: CXX_FEATURE:0cxx_alignof
    Feature record: CXX_FEATURE:0cxx_attributes
    Feature record: CXX_FEATURE:0cxx_attribute_deprecated
    Feature record: CXX_FEATURE:0cxx_auto_type
    Feature record: CXX_FEATURE:0cxx_binary_literals
    Feature record: CXX_FEATURE:0cxx_constexpr
    Feature record: CXX_FEATURE:0cxx_contextual_conversions
    Feature record: CXX_FEATURE:0cxx_decltype
    Feature record: CXX_FEATURE:0cxx_decltype_auto
    Feature record: CXX_FEATURE:0cxx_decltype_incomplete_return_types
    Feature record: CXX_FEATURE:0cxx_default_function_template_args
    Feature record: CXX_FEATURE:0cxx_defaulted_functions
    Feature record: CXX_FEATURE:0cxx_defaulted_move_initializers
    Feature record: CXX_FEATURE:0cxx_delegating_constructors
    Feature record: CXX_FEATURE:0cxx_deleted_functions
    Feature record: CXX_FEATURE:0cxx_digit_separators
    Feature record: CXX_FEATURE:0cxx_enum_forward_declarations
    Feature record: CXX_FEATURE:0cxx_explicit_conversions
    Feature record: CXX_FEATURE:0cxx_extended_friend_declarations
    Feature record: CXX_FEATURE:0cxx_extern_templates
    Feature record: CXX_FEATURE:0cxx_final
    Feature record: CXX_FEATURE:0cxx_func_identifier
    Feature record: CXX_FEATURE:0cxx_generalized_initializers
    Feature record: CXX_FEATURE:0cxx_generic_lambdas
    Feature record: CXX_FEATURE:0cxx_inheriting_constructors
    Feature record: CXX_FEATURE:0cxx_inline_namespaces
    Feature record: CXX_FEATURE:0cxx_lambdas
    Feature record: CXX_FEATURE:0cxx_lambda_init_captures
    Feature record: CXX_FEATURE:0cxx_local_type_template_args
    Feature record: CXX_FEATURE:0cxx_long_long_type
    Feature record: CXX_FEATURE:0cxx_noexcept
    Feature record: CXX_FEATURE:0cxx_nonstatic_member_init
    Feature record: CXX_FEATURE:0cxx_nullptr
    Feature record: CXX_FEATURE:0cxx_override
    Feature record: CXX_FEATURE:0cxx_range_for
    Feature record: CXX_FEATURE:0cxx_raw_string_literals
    Feature record: CXX_FEATURE:0cxx_reference_qualified_functions
    Feature record: CXX_FEATURE:0cxx_relaxed_constexpr
    Feature record: CXX_FEATURE:0cxx_return_type_deduction
    Feature record: CXX_FEATURE:0cxx_right_angle_brackets
    Feature record: CXX_FEATURE:0cxx_rvalue_references
    Feature record: CXX_FEATURE:0cxx_sizeof_member
    Feature record: CXX_FEATURE:0cxx_static_assert
    Feature record: CXX_FEATURE:0cxx_strong_enums
    Feature record: CXX_FEATURE:1cxx_template_template_parameters
    Feature record: CXX_FEATURE:0cxx_thread_local
    Feature record: CXX_FEATURE:0cxx_trailing_return_types
    Feature record: CXX_FEATURE:0cxx_unicode_literals
    Feature record: CXX_FEATURE:0cxx_uniform_initialization
    Feature record: CXX_FEATURE:0cxx_unrestricted_unions
    Feature record: CXX_FEATURE:0cxx_user_literals
    Feature record: CXX_FEATURE:0cxx_variable_templates
    Feature record: CXX_FEATURE:0cxx_variadic_macros
    Feature record: CXX_FEATURE:0cxx_variadic_templates
