Compiling the C compiler identification source file "CMakeCCompilerId.c" failed.
Compiler: /vagrant/llvm/build/bin/clang 
Build flags: -lstdc++;-fsanitize=vasan;-fsanitize=vasancaller
Id flags: 

The output was:
No such file or directory


Compiling the C compiler identification source file "CMakeCCompilerId.c" failed.
Compiler: /vagrant/llvm/build/bin/clang 
Build flags: -lstdc++;-fsanitize=vasan;-fsanitize=vasancaller
Id flags: -c

The output was:
No such file or directory


Compiling the C compiler identification source file "CMakeCCompilerId.c" failed.
Compiler: /vagrant/llvm/build/bin/clang 
Build flags: -lstdc++;-fsanitize=vasan;-fsanitize=vasancaller
Id flags: -Aa

The output was:
No such file or directory


Compiling the C compiler identification source file "CMakeCCompilerId.c" failed.
Compiler: /vagrant/llvm/build/bin/clang 
Build flags: -lstdc++;-fsanitize=vasan;-fsanitize=vasancaller
Id flags: -D__CLASSIC_C__

The output was:
No such file or directory


Checking whether the C compiler is IAR using "" did not match "IAR .+ Compiler":
Compiling the CXX compiler identification source file "CMakeCXXCompilerId.cpp" failed.
Compiler: /vagrant/llvm/build/bin/clang++ 
Build flags: -lstdc++;-fsanitize=vasan;-fsanitize=vasancaller
Id flags: 

The output was:
No such file or directory


Compiling the CXX compiler identification source file "CMakeCXXCompilerId.cpp" failed.
Compiler: /vagrant/llvm/build/bin/clang++ 
Build flags: -lstdc++;-fsanitize=vasan;-fsanitize=vasancaller
Id flags: -c

The output was:
No such file or directory


Checking whether the CXX compiler is IAR using "" did not match "IAR .+ Compiler":
