The system is: Linux - 3.13.0-107-generic - x86_64
Compiling the C compiler identification source file "CMakeCCompilerId.c" succeeded.
Compiler: /vagrant/llvm/build/bin/clang 
Build flags: 
Id flags: 

The output was:
0


Compilation of the C compiler identification source "CMakeCCompilerId.c" produced "a.out"

The C compiler identification is Clang, found in "/home/vagrant/reproduce_static_dependency_crash/build_client/CMakeFiles/3.7.2/CompilerIdC/a.out"

Compiling the CXX compiler identification source file "CMakeCXXCompilerId.cpp" succeeded.
Compiler: /vagrant/llvm/build/bin/clang++ 
Build flags: 
Id flags: 

The output was:
0


Compilation of the CXX compiler identification source "CMakeCXXCompilerId.cpp" produced "a.out"

The CXX compiler identification is Clang, found in "/home/vagrant/reproduce_static_dependency_crash/build_client/CMakeFiles/3.7.2/CompilerIdCXX/a.out"

Determining if the C compiler works passed with the following output:
Change Dir: /home/vagrant/reproduce_static_dependency_crash/build_client/CMakeFiles/CMakeTmp

Run Build Command:"/usr/bin/make" "cmTC_bea4e/fast"
/usr/bin/make -f CMakeFiles/cmTC_bea4e.dir/build.make CMakeFiles/cmTC_bea4e.dir/build
make[1]: Entering directory `/home/vagrant/reproduce_static_dependency_crash/build_client/CMakeFiles/CMakeTmp'
Building C object CMakeFiles/cmTC_bea4e.dir/testCCompiler.c.o
/vagrant/llvm/build/bin/clang     -o CMakeFiles/cmTC_bea4e.dir/testCCompiler.c.o   -c /home/vagrant/reproduce_static_dependency_crash/build_client/CMakeFiles/CMakeTmp/testCCompiler.c
Linking C executable cmTC_bea4e
/home/vagrant/cmake-3.7.2-Linux-x86_64/bin/cmake -E cmake_link_script CMakeFiles/cmTC_bea4e.dir/link.txt --verbose=1
/vagrant/llvm/build/bin/clang       CMakeFiles/cmTC_bea4e.dir/testCCompiler.c.o  -o cmTC_bea4e 
make[1]: Leaving directory `/home/vagrant/reproduce_static_dependency_crash/build_client/CMakeFiles/CMakeTmp'


Detecting C compiler ABI info compiled with the following output:
Change Dir: /home/vagrant/reproduce_static_dependency_crash/build_client/CMakeFiles/CMakeTmp

Run Build Command:"/usr/bin/make" "cmTC_ba1f4/fast"
/usr/bin/make -f CMakeFiles/cmTC_ba1f4.dir/build.make CMakeFiles/cmTC_ba1f4.dir/build
make[1]: Entering directory `/home/vagrant/reproduce_static_dependency_crash/build_client/CMakeFiles/CMakeTmp'
Building C object CMakeFiles/cmTC_ba1f4.dir/CMakeCCompilerABI.c.o
/vagrant/llvm/build/bin/clang     -o CMakeFiles/cmTC_ba1f4.dir/CMakeCCompilerABI.c.o   -c /home/vagrant/cmake-3.7.2-Linux-x86_64/share/cmake-3.7/Modules/CMakeCCompilerABI.c
Linking C executable cmTC_ba1f4
/home/vagrant/cmake-3.7.2-Linux-x86_64/bin/cmake -E cmake_link_script CMakeFiles/cmTC_ba1f4.dir/link.txt --verbose=1
/vagrant/llvm/build/bin/clang      -v CMakeFiles/cmTC_ba1f4.dir/CMakeCCompilerABI.c.o  -o cmTC_ba1f4  
clang version 3.9.1 
Target: x86_64-unknown-linux-gnu
Thread model: posix
InstalledDir: /vagrant/llvm/build/bin
Found candidate GCC installation: /usr/lib/gcc/x86_64-linux-gnu/4.8
Found candidate GCC installation: /usr/lib/gcc/x86_64-linux-gnu/4.8.4
Found candidate GCC installation: /usr/lib/gcc/x86_64-linux-gnu/4.9
Found candidate GCC installation: /usr/lib/gcc/x86_64-linux-gnu/4.9.3
Selected GCC installation: /usr/lib/gcc/x86_64-linux-gnu/4.8
Candidate multilib: .;@m64
Candidate multilib: 32;@m32
Candidate multilib: x32;@mx32
Selected multilib: .;@m64
 "/usr/bin/ld" -z relro --hash-style=gnu --eh-frame-hdr -m elf_x86_64 -dynamic-linker /lib64/ld-linux-x86-64.so.2 -o cmTC_ba1f4 /usr/lib/gcc/x86_64-linux-gnu/4.8/../../../x86_64-linux-gnu/crt1.o /usr/lib/gcc/x86_64-linux-gnu/4.8/../../../x86_64-linux-gnu/crti.o /usr/lib/gcc/x86_64-linux-gnu/4.8/crtbegin.o -L/usr/lib/gcc/x86_64-linux-gnu/4.8 -L/usr/lib/gcc/x86_64-linux-gnu/4.8/../../../x86_64-linux-gnu -L/lib/x86_64-linux-gnu -L/lib/../lib64 -L/usr/lib/x86_64-linux-gnu -L/usr/lib/gcc/x86_64-linux-gnu/4.8/../../.. -L/vagrant/llvm/build/bin/../lib -L/lib -L/usr/lib CMakeFiles/cmTC_ba1f4.dir/CMakeCCompilerABI.c.o -lgcc --as-needed -lgcc_s --no-as-needed -lc -lgcc --as-needed -lgcc_s --no-as-needed /usr/lib/gcc/x86_64-linux-gnu/4.8/crtend.o /usr/lib/gcc/x86_64-linux-gnu/4.8/../../../x86_64-linux-gnu/crtn.o
make[1]: Leaving directory `/home/vagrant/reproduce_static_dependency_crash/build_client/CMakeFiles/CMakeTmp'


Parsed C implicit link information from above output:
  link line regex: [^( *|.*[/\])(ld|([^/\]+-)?ld|collect2)[^/\]*( |$)]
  ignore line: [Change Dir: /home/vagrant/reproduce_static_dependency_crash/build_client/CMakeFiles/CMakeTmp]
  ignore line: []
  ignore line: [Run Build Command:"/usr/bin/make" "cmTC_ba1f4/fast"]
  ignore line: [/usr/bin/make -f CMakeFiles/cmTC_ba1f4.dir/build.make CMakeFiles/cmTC_ba1f4.dir/build]
  ignore line: [make[1]: Entering directory `/home/vagrant/reproduce_static_dependency_crash/build_client/CMakeFiles/CMakeTmp']
  ignore line: [Building C object CMakeFiles/cmTC_ba1f4.dir/CMakeCCompilerABI.c.o]
  ignore line: [/vagrant/llvm/build/bin/clang     -o CMakeFiles/cmTC_ba1f4.dir/CMakeCCompilerABI.c.o   -c /home/vagrant/cmake-3.7.2-Linux-x86_64/share/cmake-3.7/Modules/CMakeCCompilerABI.c]
  ignore line: [Linking C executable cmTC_ba1f4]
  ignore line: [/home/vagrant/cmake-3.7.2-Linux-x86_64/bin/cmake -E cmake_link_script CMakeFiles/cmTC_ba1f4.dir/link.txt --verbose=1]
  ignore line: [/vagrant/llvm/build/bin/clang      -v CMakeFiles/cmTC_ba1f4.dir/CMakeCCompilerABI.c.o  -o cmTC_ba1f4  ]
  ignore line: [clang version 3.9.1 ]
  ignore line: [Target: x86_64-unknown-linux-gnu]
  ignore line: [Thread model: posix]
  ignore line: [InstalledDir: /vagrant/llvm/build/bin]
  ignore line: [Found candidate GCC installation: /usr/lib/gcc/x86_64-linux-gnu/4.8]
  ignore line: [Found candidate GCC installation: /usr/lib/gcc/x86_64-linux-gnu/4.8.4]
  ignore line: [Found candidate GCC installation: /usr/lib/gcc/x86_64-linux-gnu/4.9]
  ignore line: [Found candidate GCC installation: /usr/lib/gcc/x86_64-linux-gnu/4.9.3]
  ignore line: [Selected GCC installation: /usr/lib/gcc/x86_64-linux-gnu/4.8]
  ignore line: [Candidate multilib: .]
  ignore line: [@m64]
  ignore line: [Candidate multilib: 32]
  ignore line: [@m32]
  ignore line: [Candidate multilib: x32]
  ignore line: [@mx32]
  ignore line: [Selected multilib: .]
  ignore line: [@m64]
  link line: [ "/usr/bin/ld" -z relro --hash-style=gnu --eh-frame-hdr -m elf_x86_64 -dynamic-linker /lib64/ld-linux-x86-64.so.2 -o cmTC_ba1f4 /usr/lib/gcc/x86_64-linux-gnu/4.8/../../../x86_64-linux-gnu/crt1.o /usr/lib/gcc/x86_64-linux-gnu/4.8/../../../x86_64-linux-gnu/crti.o /usr/lib/gcc/x86_64-linux-gnu/4.8/crtbegin.o -L/usr/lib/gcc/x86_64-linux-gnu/4.8 -L/usr/lib/gcc/x86_64-linux-gnu/4.8/../../../x86_64-linux-gnu -L/lib/x86_64-linux-gnu -L/lib/../lib64 -L/usr/lib/x86_64-linux-gnu -L/usr/lib/gcc/x86_64-linux-gnu/4.8/../../.. -L/vagrant/llvm/build/bin/../lib -L/lib -L/usr/lib CMakeFiles/cmTC_ba1f4.dir/CMakeCCompilerABI.c.o -lgcc --as-needed -lgcc_s --no-as-needed -lc -lgcc --as-needed -lgcc_s --no-as-needed /usr/lib/gcc/x86_64-linux-gnu/4.8/crtend.o /usr/lib/gcc/x86_64-linux-gnu/4.8/../../../x86_64-linux-gnu/crtn.o]
    arg [/usr/bin/ld] ==> ignore
    arg [-zrelro] ==> ignore
    arg [--hash-style=gnu] ==> ignore
    arg [--eh-frame-hdr] ==> ignore
    arg [-m] ==> ignore
    arg [elf_x86_64] ==> ignore
    arg [-dynamic-linker] ==> ignore
    arg [/lib64/ld-linux-x86-64.so.2] ==> ignore
    arg [-o] ==> ignore
    arg [cmTC_ba1f4] ==> ignore
    arg [/usr/lib/gcc/x86_64-linux-gnu/4.8/../../../x86_64-linux-gnu/crt1.o] ==> ignore
    arg [/usr/lib/gcc/x86_64-linux-gnu/4.8/../../../x86_64-linux-gnu/crti.o] ==> ignore
    arg [/usr/lib/gcc/x86_64-linux-gnu/4.8/crtbegin.o] ==> ignore
    arg [-L/usr/lib/gcc/x86_64-linux-gnu/4.8] ==> dir [/usr/lib/gcc/x86_64-linux-gnu/4.8]
    arg [-L/usr/lib/gcc/x86_64-linux-gnu/4.8/../../../x86_64-linux-gnu] ==> dir [/usr/lib/gcc/x86_64-linux-gnu/4.8/../../../x86_64-linux-gnu]
    arg [-L/lib/x86_64-linux-gnu] ==> dir [/lib/x86_64-linux-gnu]
    arg [-L/lib/../lib64] ==> dir [/lib/../lib64]
    arg [-L/usr/lib/x86_64-linux-gnu] ==> dir [/usr/lib/x86_64-linux-gnu]
    arg [-L/usr/lib/gcc/x86_64-linux-gnu/4.8/../../..] ==> dir [/usr/lib/gcc/x86_64-linux-gnu/4.8/../../..]
    arg [-L/vagrant/llvm/build/bin/../lib] ==> dir [/vagrant/llvm/build/bin/../lib]
    arg [-L/lib] ==> dir [/lib]
    arg [-L/usr/lib] ==> dir [/usr/lib]
    arg [CMakeFiles/cmTC_ba1f4.dir/CMakeCCompilerABI.c.o] ==> ignore
    arg [-lgcc] ==> lib [gcc]
    arg [--as-needed] ==> ignore
    arg [-lgcc_s] ==> lib [gcc_s]
    arg [--no-as-needed] ==> ignore
    arg [-lc] ==> lib [c]
    arg [-lgcc] ==> lib [gcc]
    arg [--as-needed] ==> ignore
    arg [-lgcc_s] ==> lib [gcc_s]
    arg [--no-as-needed] ==> ignore
    arg [/usr/lib/gcc/x86_64-linux-gnu/4.8/crtend.o] ==> ignore
    arg [/usr/lib/gcc/x86_64-linux-gnu/4.8/../../../x86_64-linux-gnu/crtn.o] ==> ignore
  remove lib [gcc]
  remove lib [gcc_s]
  remove lib [gcc]
  remove lib [gcc_s]
  collapse library dir [/usr/lib/gcc/x86_64-linux-gnu/4.8] ==> [/usr/lib/gcc/x86_64-linux-gnu/4.8]
  collapse library dir [/usr/lib/gcc/x86_64-linux-gnu/4.8/../../../x86_64-linux-gnu] ==> [/usr/lib/x86_64-linux-gnu]
  collapse library dir [/lib/x86_64-linux-gnu] ==> [/lib/x86_64-linux-gnu]
  collapse library dir [/lib/../lib64] ==> [/lib64]
  collapse library dir [/usr/lib/x86_64-linux-gnu] ==> [/usr/lib/x86_64-linux-gnu]
  collapse library dir [/usr/lib/gcc/x86_64-linux-gnu/4.8/../../..] ==> [/usr/lib]
  collapse library dir [/vagrant/llvm/build/bin/../lib] ==> [/vagrant/llvm/build/lib]
  collapse library dir [/lib] ==> [/lib]
  collapse library dir [/usr/lib] ==> [/usr/lib]
  implicit libs: [c]
  implicit dirs: [/usr/lib/gcc/x86_64-linux-gnu/4.8;/usr/lib/x86_64-linux-gnu;/lib/x86_64-linux-gnu;/lib64;/usr/lib;/vagrant/llvm/build/lib;/lib]
  implicit fwks: []




Detecting C [-std=c11] compiler features compiled with the following output:
Change Dir: /home/vagrant/reproduce_static_dependency_crash/build_client/CMakeFiles/CMakeTmp

Run Build Command:"/usr/bin/make" "cmTC_5d628/fast"
/usr/bin/make -f CMakeFiles/cmTC_5d628.dir/build.make CMakeFiles/cmTC_5d628.dir/build
make[1]: Entering directory `/home/vagrant/reproduce_static_dependency_crash/build_client/CMakeFiles/CMakeTmp'
Building C object CMakeFiles/cmTC_5d628.dir/feature_tests.c.o
/vagrant/llvm/build/bin/clang    -std=c11 -o CMakeFiles/cmTC_5d628.dir/feature_tests.c.o   -c /home/vagrant/reproduce_static_dependency_crash/build_client/CMakeFiles/feature_tests.c
Linking C executable cmTC_5d628
/home/vagrant/cmake-3.7.2-Linux-x86_64/bin/cmake -E cmake_link_script CMakeFiles/cmTC_5d628.dir/link.txt --verbose=1
/vagrant/llvm/build/bin/clang       CMakeFiles/cmTC_5d628.dir/feature_tests.c.o  -o cmTC_5d628 
make[1]: Leaving directory `/home/vagrant/reproduce_static_dependency_crash/build_client/CMakeFiles/CMakeTmp'


    Feature record: C_FEATURE:1c_function_prototypes
    Feature record: C_FEATURE:1c_restrict
    Feature record: C_FEATURE:1c_static_assert
    Feature record: C_FEATURE:1c_variadic_macros


Detecting C [-std=c99] compiler features compiled with the following output:
Change Dir: /home/vagrant/reproduce_static_dependency_crash/build_client/CMakeFiles/CMakeTmp

Run Build Command:"/usr/bin/make" "cmTC_daa75/fast"
/usr/bin/make -f CMakeFiles/cmTC_daa75.dir/build.make CMakeFiles/cmTC_daa75.dir/build
make[1]: Entering directory `/home/vagrant/reproduce_static_dependency_crash/build_client/CMakeFiles/CMakeTmp'
Building C object CMakeFiles/cmTC_daa75.dir/feature_tests.c.o
/vagrant/llvm/build/bin/clang    -std=c99 -o CMakeFiles/cmTC_daa75.dir/feature_tests.c.o   -c /home/vagrant/reproduce_static_dependency_crash/build_client/CMakeFiles/feature_tests.c
Linking C executable cmTC_daa75
/home/vagrant/cmake-3.7.2-Linux-x86_64/bin/cmake -E cmake_link_script CMakeFiles/cmTC_daa75.dir/link.txt --verbose=1
/vagrant/llvm/build/bin/clang       CMakeFiles/cmTC_daa75.dir/feature_tests.c.o  -o cmTC_daa75 
make[1]: Leaving directory `/home/vagrant/reproduce_static_dependency_crash/build_client/CMakeFiles/CMakeTmp'


    Feature record: C_FEATURE:1c_function_prototypes
    Feature record: C_FEATURE:1c_restrict
    Feature record: C_FEATURE:0c_static_assert
    Feature record: C_FEATURE:1c_variadic_macros


Detecting C [-std=c90] compiler features compiled with the following output:
Change Dir: /home/vagrant/reproduce_static_dependency_crash/build_client/CMakeFiles/CMakeTmp

Run Build Command:"/usr/bin/make" "cmTC_478eb/fast"
/usr/bin/make -f CMakeFiles/cmTC_478eb.dir/build.make CMakeFiles/cmTC_478eb.dir/build
make[1]: Entering directory `/home/vagrant/reproduce_static_dependency_crash/build_client/CMakeFiles/CMakeTmp'
Building C object CMakeFiles/cmTC_478eb.dir/feature_tests.c.o
/vagrant/llvm/build/bin/clang    -std=c90 -o CMakeFiles/cmTC_478eb.dir/feature_tests.c.o   -c /home/vagrant/reproduce_static_dependency_crash/build_client/CMakeFiles/feature_tests.c
Linking C executable cmTC_478eb
/home/vagrant/cmake-3.7.2-Linux-x86_64/bin/cmake -E cmake_link_script CMakeFiles/cmTC_478eb.dir/link.txt --verbose=1
/vagrant/llvm/build/bin/clang       CMakeFiles/cmTC_478eb.dir/feature_tests.c.o  -o cmTC_478eb 
make[1]: Leaving directory `/home/vagrant/reproduce_static_dependency_crash/build_client/CMakeFiles/CMakeTmp'


    Feature record: C_FEATURE:1c_function_prototypes
    Feature record: C_FEATURE:0c_restrict
    Feature record: C_FEATURE:0c_static_assert
    Feature record: C_FEATURE:0c_variadic_macros
Determining if the CXX compiler works passed with the following output:
Change Dir: /home/vagrant/reproduce_static_dependency_crash/build_client/CMakeFiles/CMakeTmp

Run Build Command:"/usr/bin/make" "cmTC_ab98d/fast"
/usr/bin/make -f CMakeFiles/cmTC_ab98d.dir/build.make CMakeFiles/cmTC_ab98d.dir/build
make[1]: Entering directory `/home/vagrant/reproduce_static_dependency_crash/build_client/CMakeFiles/CMakeTmp'
Building CXX object CMakeFiles/cmTC_ab98d.dir/testCXXCompiler.cxx.o
/vagrant/llvm/build/bin/clang++      -o CMakeFiles/cmTC_ab98d.dir/testCXXCompiler.cxx.o -c /home/vagrant/reproduce_static_dependency_crash/build_client/CMakeFiles/CMakeTmp/testCXXCompiler.cxx
Linking CXX executable cmTC_ab98d
/home/vagrant/cmake-3.7.2-Linux-x86_64/bin/cmake -E cmake_link_script CMakeFiles/cmTC_ab98d.dir/link.txt --verbose=1
/vagrant/llvm/build/bin/clang++        CMakeFiles/cmTC_ab98d.dir/testCXXCompiler.cxx.o  -o cmTC_ab98d 
make[1]: Leaving directory `/home/vagrant/reproduce_static_dependency_crash/build_client/CMakeFiles/CMakeTmp'


Detecting CXX compiler ABI info compiled with the following output:
Change Dir: /home/vagrant/reproduce_static_dependency_crash/build_client/CMakeFiles/CMakeTmp

Run Build Command:"/usr/bin/make" "cmTC_5fb5c/fast"
/usr/bin/make -f CMakeFiles/cmTC_5fb5c.dir/build.make CMakeFiles/cmTC_5fb5c.dir/build
make[1]: Entering directory `/home/vagrant/reproduce_static_dependency_crash/build_client/CMakeFiles/CMakeTmp'
Building CXX object CMakeFiles/cmTC_5fb5c.dir/CMakeCXXCompilerABI.cpp.o
/vagrant/llvm/build/bin/clang++      -o CMakeFiles/cmTC_5fb5c.dir/CMakeCXXCompilerABI.cpp.o -c /home/vagrant/cmake-3.7.2-Linux-x86_64/share/cmake-3.7/Modules/CMakeCXXCompilerABI.cpp
Linking CXX executable cmTC_5fb5c
/home/vagrant/cmake-3.7.2-Linux-x86_64/bin/cmake -E cmake_link_script CMakeFiles/cmTC_5fb5c.dir/link.txt --verbose=1
/vagrant/llvm/build/bin/clang++       -v CMakeFiles/cmTC_5fb5c.dir/CMakeCXXCompilerABI.cpp.o  -o cmTC_5fb5c  
clang version 3.9.1 
Target: x86_64-unknown-linux-gnu
Thread model: posix
InstalledDir: /vagrant/llvm/build/bin
Found candidate GCC installation: /usr/lib/gcc/x86_64-linux-gnu/4.8
Found candidate GCC installation: /usr/lib/gcc/x86_64-linux-gnu/4.8.4
Found candidate GCC installation: /usr/lib/gcc/x86_64-linux-gnu/4.9
Found candidate GCC installation: /usr/lib/gcc/x86_64-linux-gnu/4.9.3
Selected GCC installation: /usr/lib/gcc/x86_64-linux-gnu/4.8
Candidate multilib: .;@m64
Candidate multilib: 32;@m32
Candidate multilib: x32;@mx32
Selected multilib: .;@m64
 "/usr/bin/ld" -z relro --hash-style=gnu --eh-frame-hdr -m elf_x86_64 -dynamic-linker /lib64/ld-linux-x86-64.so.2 -o cmTC_5fb5c /usr/lib/gcc/x86_64-linux-gnu/4.8/../../../x86_64-linux-gnu/crt1.o /usr/lib/gcc/x86_64-linux-gnu/4.8/../../../x86_64-linux-gnu/crti.o /usr/lib/gcc/x86_64-linux-gnu/4.8/crtbegin.o -L/usr/lib/gcc/x86_64-linux-gnu/4.8 -L/usr/lib/gcc/x86_64-linux-gnu/4.8/../../../x86_64-linux-gnu -L/lib/x86_64-linux-gnu -L/lib/../lib64 -L/usr/lib/x86_64-linux-gnu -L/usr/lib/gcc/x86_64-linux-gnu/4.8/../../.. -L/vagrant/llvm/build/bin/../lib -L/lib -L/usr/lib CMakeFiles/cmTC_5fb5c.dir/CMakeCXXCompilerABI.cpp.o -lstdc++ -lm -lgcc_s -lgcc -lc -lgcc_s -lgcc /usr/lib/gcc/x86_64-linux-gnu/4.8/crtend.o /usr/lib/gcc/x86_64-linux-gnu/4.8/../../../x86_64-linux-gnu/crtn.o
make[1]: Leaving directory `/home/vagrant/reproduce_static_dependency_crash/build_client/CMakeFiles/CMakeTmp'


Parsed CXX implicit link information from above output:
  link line regex: [^( *|.*[/\])(ld|([^/\]+-)?ld|collect2)[^/\]*( |$)]
  ignore line: [Change Dir: /home/vagrant/reproduce_static_dependency_crash/build_client/CMakeFiles/CMakeTmp]
  ignore line: []
  ignore line: [Run Build Command:"/usr/bin/make" "cmTC_5fb5c/fast"]
  ignore line: [/usr/bin/make -f CMakeFiles/cmTC_5fb5c.dir/build.make CMakeFiles/cmTC_5fb5c.dir/build]
  ignore line: [make[1]: Entering directory `/home/vagrant/reproduce_static_dependency_crash/build_client/CMakeFiles/CMakeTmp']
  ignore line: [Building CXX object CMakeFiles/cmTC_5fb5c.dir/CMakeCXXCompilerABI.cpp.o]
  ignore line: [/vagrant/llvm/build/bin/clang++      -o CMakeFiles/cmTC_5fb5c.dir/CMakeCXXCompilerABI.cpp.o -c /home/vagrant/cmake-3.7.2-Linux-x86_64/share/cmake-3.7/Modules/CMakeCXXCompilerABI.cpp]
  ignore line: [Linking CXX executable cmTC_5fb5c]
  ignore line: [/home/vagrant/cmake-3.7.2-Linux-x86_64/bin/cmake -E cmake_link_script CMakeFiles/cmTC_5fb5c.dir/link.txt --verbose=1]
  ignore line: [/vagrant/llvm/build/bin/clang++       -v CMakeFiles/cmTC_5fb5c.dir/CMakeCXXCompilerABI.cpp.o  -o cmTC_5fb5c  ]
  ignore line: [clang version 3.9.1 ]
  ignore line: [Target: x86_64-unknown-linux-gnu]
  ignore line: [Thread model: posix]
  ignore line: [InstalledDir: /vagrant/llvm/build/bin]
  ignore line: [Found candidate GCC installation: /usr/lib/gcc/x86_64-linux-gnu/4.8]
  ignore line: [Found candidate GCC installation: /usr/lib/gcc/x86_64-linux-gnu/4.8.4]
  ignore line: [Found candidate GCC installation: /usr/lib/gcc/x86_64-linux-gnu/4.9]
  ignore line: [Found candidate GCC installation: /usr/lib/gcc/x86_64-linux-gnu/4.9.3]
  ignore line: [Selected GCC installation: /usr/lib/gcc/x86_64-linux-gnu/4.8]
  ignore line: [Candidate multilib: .]
  ignore line: [@m64]
  ignore line: [Candidate multilib: 32]
  ignore line: [@m32]
  ignore line: [Candidate multilib: x32]
  ignore line: [@mx32]
  ignore line: [Selected multilib: .]
  ignore line: [@m64]
  link line: [ "/usr/bin/ld" -z relro --hash-style=gnu --eh-frame-hdr -m elf_x86_64 -dynamic-linker /lib64/ld-linux-x86-64.so.2 -o cmTC_5fb5c /usr/lib/gcc/x86_64-linux-gnu/4.8/../../../x86_64-linux-gnu/crt1.o /usr/lib/gcc/x86_64-linux-gnu/4.8/../../../x86_64-linux-gnu/crti.o /usr/lib/gcc/x86_64-linux-gnu/4.8/crtbegin.o -L/usr/lib/gcc/x86_64-linux-gnu/4.8 -L/usr/lib/gcc/x86_64-linux-gnu/4.8/../../../x86_64-linux-gnu -L/lib/x86_64-linux-gnu -L/lib/../lib64 -L/usr/lib/x86_64-linux-gnu -L/usr/lib/gcc/x86_64-linux-gnu/4.8/../../.. -L/vagrant/llvm/build/bin/../lib -L/lib -L/usr/lib CMakeFiles/cmTC_5fb5c.dir/CMakeCXXCompilerABI.cpp.o -lstdc++ -lm -lgcc_s -lgcc -lc -lgcc_s -lgcc /usr/lib/gcc/x86_64-linux-gnu/4.8/crtend.o /usr/lib/gcc/x86_64-linux-gnu/4.8/../../../x86_64-linux-gnu/crtn.o]
    arg [/usr/bin/ld] ==> ignore
    arg [-zrelro] ==> ignore
    arg [--hash-style=gnu] ==> ignore
    arg [--eh-frame-hdr] ==> ignore
    arg [-m] ==> ignore
    arg [elf_x86_64] ==> ignore
    arg [-dynamic-linker] ==> ignore
    arg [/lib64/ld-linux-x86-64.so.2] ==> ignore
    arg [-o] ==> ignore
    arg [cmTC_5fb5c] ==> ignore
    arg [/usr/lib/gcc/x86_64-linux-gnu/4.8/../../../x86_64-linux-gnu/crt1.o] ==> ignore
    arg [/usr/lib/gcc/x86_64-linux-gnu/4.8/../../../x86_64-linux-gnu/crti.o] ==> ignore
    arg [/usr/lib/gcc/x86_64-linux-gnu/4.8/crtbegin.o] ==> ignore
    arg [-L/usr/lib/gcc/x86_64-linux-gnu/4.8] ==> dir [/usr/lib/gcc/x86_64-linux-gnu/4.8]
    arg [-L/usr/lib/gcc/x86_64-linux-gnu/4.8/../../../x86_64-linux-gnu] ==> dir [/usr/lib/gcc/x86_64-linux-gnu/4.8/../../../x86_64-linux-gnu]
    arg [-L/lib/x86_64-linux-gnu] ==> dir [/lib/x86_64-linux-gnu]
    arg [-L/lib/../lib64] ==> dir [/lib/../lib64]
    arg [-L/usr/lib/x86_64-linux-gnu] ==> dir [/usr/lib/x86_64-linux-gnu]
    arg [-L/usr/lib/gcc/x86_64-linux-gnu/4.8/../../..] ==> dir [/usr/lib/gcc/x86_64-linux-gnu/4.8/../../..]
    arg [-L/vagrant/llvm/build/bin/../lib] ==> dir [/vagrant/llvm/build/bin/../lib]
    arg [-L/lib] ==> dir [/lib]
    arg [-L/usr/lib] ==> dir [/usr/lib]
    arg [CMakeFiles/cmTC_5fb5c.dir/CMakeCXXCompilerABI.cpp.o] ==> ignore
    arg [-lstdc++] ==> lib [stdc++]
    arg [-lm] ==> lib [m]
    arg [-lgcc_s] ==> lib [gcc_s]
    arg [-lgcc] ==> lib [gcc]
    arg [-lc] ==> lib [c]
    arg [-lgcc_s] ==> lib [gcc_s]
    arg [-lgcc] ==> lib [gcc]
    arg [/usr/lib/gcc/x86_64-linux-gnu/4.8/crtend.o] ==> ignore
    arg [/usr/lib/gcc/x86_64-linux-gnu/4.8/../../../x86_64-linux-gnu/crtn.o] ==> ignore
  remove lib [gcc_s]
  remove lib [gcc]
  remove lib [gcc_s]
  remove lib [gcc]
  collapse library dir [/usr/lib/gcc/x86_64-linux-gnu/4.8] ==> [/usr/lib/gcc/x86_64-linux-gnu/4.8]
  collapse library dir [/usr/lib/gcc/x86_64-linux-gnu/4.8/../../../x86_64-linux-gnu] ==> [/usr/lib/x86_64-linux-gnu]
  collapse library dir [/lib/x86_64-linux-gnu] ==> [/lib/x86_64-linux-gnu]
  collapse library dir [/lib/../lib64] ==> [/lib64]
  collapse library dir [/usr/lib/x86_64-linux-gnu] ==> [/usr/lib/x86_64-linux-gnu]
  collapse library dir [/usr/lib/gcc/x86_64-linux-gnu/4.8/../../..] ==> [/usr/lib]
  collapse library dir [/vagrant/llvm/build/bin/../lib] ==> [/vagrant/llvm/build/lib]
  collapse library dir [/lib] ==> [/lib]
  collapse library dir [/usr/lib] ==> [/usr/lib]
  implicit libs: [stdc++;m;c]
  implicit dirs: [/usr/lib/gcc/x86_64-linux-gnu/4.8;/usr/lib/x86_64-linux-gnu;/lib/x86_64-linux-gnu;/lib64;/usr/lib;/vagrant/llvm/build/lib;/lib]
  implicit fwks: []




Detecting CXX [-std=c++14] compiler features compiled with the following output:
Change Dir: /home/vagrant/reproduce_static_dependency_crash/build_client/CMakeFiles/CMakeTmp

Run Build Command:"/usr/bin/make" "cmTC_d39c6/fast"
/usr/bin/make -f CMakeFiles/cmTC_d39c6.dir/build.make CMakeFiles/cmTC_d39c6.dir/build
make[1]: Entering directory `/home/vagrant/reproduce_static_dependency_crash/build_client/CMakeFiles/CMakeTmp'
Building CXX object CMakeFiles/cmTC_d39c6.dir/feature_tests.cxx.o
/vagrant/llvm/build/bin/clang++     -std=c++14 -o CMakeFiles/cmTC_d39c6.dir/feature_tests.cxx.o -c /home/vagrant/reproduce_static_dependency_crash/build_client/CMakeFiles/feature_tests.cxx
Linking CXX executable cmTC_d39c6
/home/vagrant/cmake-3.7.2-Linux-x86_64/bin/cmake -E cmake_link_script CMakeFiles/cmTC_d39c6.dir/link.txt --verbose=1
/vagrant/llvm/build/bin/clang++        CMakeFiles/cmTC_d39c6.dir/feature_tests.cxx.o  -o cmTC_d39c6 
make[1]: Leaving directory `/home/vagrant/reproduce_static_dependency_crash/build_client/CMakeFiles/CMakeTmp'


    Feature record: CXX_FEATURE:1cxx_aggregate_default_initializers
    Feature record: CXX_FEATURE:1cxx_alias_templates
    Feature record: CXX_FEATURE:1cxx_alignas
    Feature record: CXX_FEATURE:1cxx_alignof
    Feature record: CXX_FEATURE:1cxx_attributes
    Feature record: CXX_FEATURE:1cxx_attribute_deprecated
    Feature record: CXX_FEATURE:1cxx_auto_type
    Feature record: CXX_FEATURE:1cxx_binary_literals
    Feature record: CXX_FEATURE:1cxx_constexpr
    Feature record: CXX_FEATURE:1cxx_contextual_conversions
    Feature record: CXX_FEATURE:1cxx_decltype
    Feature record: CXX_FEATURE:1cxx_decltype_auto
    Feature record: CXX_FEATURE:1cxx_decltype_incomplete_return_types
    Feature record: CXX_FEATURE:1cxx_default_function_template_args
    Feature record: CXX_FEATURE:1cxx_defaulted_functions
    Feature record: CXX_FEATURE:1cxx_defaulted_move_initializers
    Feature record: CXX_FEATURE:1cxx_delegating_constructors
    Feature record: CXX_FEATURE:1cxx_deleted_functions
    Feature record: CXX_FEATURE:1cxx_digit_separators
    Feature record: CXX_FEATURE:1cxx_enum_forward_declarations
    Feature record: CXX_FEATURE:1cxx_explicit_conversions
    Feature record: CXX_FEATURE:1cxx_extended_friend_declarations
    Feature record: CXX_FEATURE:1cxx_extern_templates
    Feature record: CXX_FEATURE:1cxx_final
    Feature record: CXX_FEATURE:1cxx_func_identifier
    Feature record: CXX_FEATURE:1cxx_generalized_initializers
    Feature record: CXX_FEATURE:1cxx_generic_lambdas
    Feature record: CXX_FEATURE:1cxx_inheriting_constructors
    Feature record: CXX_FEATURE:1cxx_inline_namespaces
    Feature record: CXX_FEATURE:1cxx_lambdas
    Feature record: CXX_FEATURE:1cxx_lambda_init_captures
    Feature record: CXX_FEATURE:1cxx_local_type_template_args
    Feature record: CXX_FEATURE:1cxx_long_long_type
    Feature record: CXX_FEATURE:1cxx_noexcept
    Feature record: CXX_FEATURE:1cxx_nonstatic_member_init
    Feature record: CXX_FEATURE:1cxx_nullptr
    Feature record: CXX_FEATURE:1cxx_override
    Feature record: CXX_FEATURE:1cxx_range_for
    Feature record: CXX_FEATURE:1cxx_raw_string_literals
    Feature record: CXX_FEATURE:1cxx_reference_qualified_functions
    Feature record: CXX_FEATURE:1cxx_relaxed_constexpr
    Feature record: CXX_FEATURE:1cxx_return_type_deduction
    Feature record: CXX_FEATURE:1cxx_right_angle_brackets
    Feature record: CXX_FEATURE:1cxx_rvalue_references
    Feature record: CXX_FEATURE:1cxx_sizeof_member
    Feature record: CXX_FEATURE:1cxx_static_assert
    Feature record: CXX_FEATURE:1cxx_strong_enums
    Feature record: CXX_FEATURE:1cxx_template_template_parameters
    Feature record: CXX_FEATURE:1cxx_thread_local
    Feature record: CXX_FEATURE:1cxx_trailing_return_types
    Feature record: CXX_FEATURE:1cxx_unicode_literals
    Feature record: CXX_FEATURE:1cxx_uniform_initialization
    Feature record: CXX_FEATURE:1cxx_unrestricted_unions
    Feature record: CXX_FEATURE:1cxx_user_literals
    Feature record: CXX_FEATURE:1cxx_variable_templates
    Feature record: CXX_FEATURE:1cxx_variadic_macros
    Feature record: CXX_FEATURE:1cxx_variadic_templates


Detecting CXX [-std=c++11] compiler features compiled with the following output:
Change Dir: /home/vagrant/reproduce_static_dependency_crash/build_client/CMakeFiles/CMakeTmp

Run Build Command:"/usr/bin/make" "cmTC_58643/fast"
/usr/bin/make -f CMakeFiles/cmTC_58643.dir/build.make CMakeFiles/cmTC_58643.dir/build
make[1]: Entering directory `/home/vagrant/reproduce_static_dependency_crash/build_client/CMakeFiles/CMakeTmp'
Building CXX object CMakeFiles/cmTC_58643.dir/feature_tests.cxx.o
/vagrant/llvm/build/bin/clang++     -std=c++11 -o CMakeFiles/cmTC_58643.dir/feature_tests.cxx.o -c /home/vagrant/reproduce_static_dependency_crash/build_client/CMakeFiles/feature_tests.cxx
Linking CXX executable cmTC_58643
/home/vagrant/cmake-3.7.2-Linux-x86_64/bin/cmake -E cmake_link_script CMakeFiles/cmTC_58643.dir/link.txt --verbose=1
/vagrant/llvm/build/bin/clang++        CMakeFiles/cmTC_58643.dir/feature_tests.cxx.o  -o cmTC_58643 
make[1]: Leaving directory `/home/vagrant/reproduce_static_dependency_crash/build_client/CMakeFiles/CMakeTmp'


    Feature record: CXX_FEATURE:0cxx_aggregate_default_initializers
    Feature record: CXX_FEATURE:1cxx_alias_templates
    Feature record: CXX_FEATURE:1cxx_alignas
    Feature record: CXX_FEATURE:1cxx_alignof
    Feature record: CXX_FEATURE:1cxx_attributes
    Feature record: CXX_FEATURE:0cxx_attribute_deprecated
    Feature record: CXX_FEATURE:1cxx_auto_type
    Feature record: CXX_FEATURE:0cxx_binary_literals
    Feature record: CXX_FEATURE:1cxx_constexpr
    Feature record: CXX_FEATURE:0cxx_contextual_conversions
    Feature record: CXX_FEATURE:1cxx_decltype
    Feature record: CXX_FEATURE:0cxx_decltype_auto
    Feature record: CXX_FEATURE:1cxx_decltype_incomplete_return_types
    Feature record: CXX_FEATURE:1cxx_default_function_template_args
    Feature record: CXX_FEATURE:1cxx_defaulted_functions
    Feature record: CXX_FEATURE:1cxx_defaulted_move_initializers
    Feature record: CXX_FEATURE:1cxx_delegating_constructors
    Feature record: CXX_FEATURE:1cxx_deleted_functions
    Feature record: CXX_FEATURE:0cxx_digit_separators
    Feature record: CXX_FEATURE:1cxx_enum_forward_declarations
    Feature record: CXX_FEATURE:1cxx_explicit_conversions
    Feature record: CXX_FEATURE:1cxx_extended_friend_declarations
    Feature record: CXX_FEATURE:1cxx_extern_templates
    Feature record: CXX_FEATURE:1cxx_final
    Feature record: CXX_FEATURE:1cxx_func_identifier
    Feature record: CXX_FEATURE:1cxx_generalized_initializers
    Feature record: CXX_FEATURE:0cxx_generic_lambdas
    Feature record: CXX_FEATURE:1cxx_inheriting_constructors
    Feature record: CXX_FEATURE:1cxx_inline_namespaces
    Feature record: CXX_FEATURE:1cxx_lambdas
    Feature record: CXX_FEATURE:0cxx_lambda_init_captures
    Feature record: CXX_FEATURE:1cxx_local_type_template_args
    Feature record: CXX_FEATURE:1cxx_long_long_type
    Feature record: CXX_FEATURE:1cxx_noexcept
    Feature record: CXX_FEATURE:1cxx_nonstatic_member_init
    Feature record: CXX_FEATURE:1cxx_nullptr
    Feature record: CXX_FEATURE:1cxx_override
    Feature record: CXX_FEATURE:1cxx_range_for
    Feature record: CXX_FEATURE:1cxx_raw_string_literals
    Feature record: CXX_FEATURE:1cxx_reference_qualified_functions
    Feature record: CXX_FEATURE:0cxx_relaxed_constexpr
    Feature record: CXX_FEATURE:0cxx_return_type_deduction
    Feature record: CXX_FEATURE:1cxx_right_angle_brackets
    Feature record: CXX_FEATURE:1cxx_rvalue_references
    Feature record: CXX_FEATURE:1cxx_sizeof_member
    Feature record: CXX_FEATURE:1cxx_static_assert
    Feature record: CXX_FEATURE:1cxx_strong_enums
    Feature record: CXX_FEATURE:1cxx_template_template_parameters
    Feature record: CXX_FEATURE:1cxx_thread_local
    Feature record: CXX_FEATURE:1cxx_trailing_return_types
    Feature record: CXX_FEATURE:1cxx_unicode_literals
    Feature record: CXX_FEATURE:1cxx_uniform_initialization
    Feature record: CXX_FEATURE:1cxx_unrestricted_unions
    Feature record: CXX_FEATURE:1cxx_user_literals
    Feature record: CXX_FEATURE:0cxx_variable_templates
    Feature record: CXX_FEATURE:1cxx_variadic_macros
    Feature record: CXX_FEATURE:1cxx_variadic_templates


Detecting CXX [-std=c++98] compiler features compiled with the following output:
Change Dir: /home/vagrant/reproduce_static_dependency_crash/build_client/CMakeFiles/CMakeTmp

Run Build Command:"/usr/bin/make" "cmTC_d7e38/fast"
/usr/bin/make -f CMakeFiles/cmTC_d7e38.dir/build.make CMakeFiles/cmTC_d7e38.dir/build
make[1]: Entering directory `/home/vagrant/reproduce_static_dependency_crash/build_client/CMakeFiles/CMakeTmp'
Building CXX object CMakeFiles/cmTC_d7e38.dir/feature_tests.cxx.o
/vagrant/llvm/build/bin/clang++     -std=c++98 -o CMakeFiles/cmTC_d7e38.dir/feature_tests.cxx.o -c /home/vagrant/reproduce_static_dependency_crash/build_client/CMakeFiles/feature_tests.cxx
Linking CXX executable cmTC_d7e38
/home/vagrant/cmake-3.7.2-Linux-x86_64/bin/cmake -E cmake_link_script CMakeFiles/cmTC_d7e38.dir/link.txt --verbose=1
/vagrant/llvm/build/bin/clang++        CMakeFiles/cmTC_d7e38.dir/feature_tests.cxx.o  -o cmTC_d7e38 
make[1]: Leaving directory `/home/vagrant/reproduce_static_dependency_crash/build_client/CMakeFiles/CMakeTmp'


    Feature record: CXX_FEATURE:0cxx_aggregate_default_initializers
    Feature record: CXX_FEATURE:0cxx_alias_templates
    Feature record: CXX_FEATURE:0cxx_alignas
    Feature record: CXX_FEATURE:0cxx_alignof
    Feature record: CXX_FEATURE:0cxx_attributes
    Feature record: CXX_FEATURE:0cxx_attribute_deprecated
    Feature record: CXX_FEATURE:0cxx_auto_type
    Feature record: CXX_FEATURE:0cxx_binary_literals
    Feature record: CXX_FEATURE:0cxx_constexpr
    Feature record: CXX_FEATURE:0cxx_contextual_conversions
    Feature record: CXX_FEATURE:0cxx_decltype
    Feature record: CXX_FEATURE:0cxx_decltype_auto
    Feature record: CXX_FEATURE:0cxx_decltype_incomplete_return_types
    Feature record: CXX_FEATURE:0cxx_default_function_template_args
    Feature record: CXX_FEATURE:0cxx_defaulted_functions
    Feature record: CXX_FEATURE:0cxx_defaulted_move_initializers
    Feature record: CXX_FEATURE:0cxx_delegating_constructors
    Feature record: CXX_FEATURE:0cxx_deleted_functions
    Feature record: CXX_FEATURE:0cxx_digit_separators
    Feature record: CXX_FEATURE:0cxx_enum_forward_declarations
    Feature record: CXX_FEATURE:0cxx_explicit_conversions
    Feature record: CXX_FEATURE:0cxx_extended_friend_declarations
    Feature record: CXX_FEATURE:0cxx_extern_templates
    Feature record: CXX_FEATURE:0cxx_final
    Feature record: CXX_FEATURE:0cxx_func_identifier
    Feature record: CXX_FEATURE:0cxx_generalized_initializers
    Feature record: CXX_FEATURE:0cxx_generic_lambdas
    Feature record: CXX_FEATURE:0cxx_inheriting_constructors
    Feature record: CXX_FEATURE:0cxx_inline_namespaces
    Feature record: CXX_FEATURE:0cxx_lambdas
    Feature record: CXX_FEATURE:0cxx_lambda_init_captures
    Feature record: CXX_FEATURE:0cxx_local_type_template_args
    Feature record: CXX_FEATURE:0cxx_long_long_type
    Feature record: CXX_FEATURE:0cxx_noexcept
    Feature record: CXX_FEATURE:0cxx_nonstatic_member_init
    Feature record: CXX_FEATURE:0cxx_nullptr
    Feature record: CXX_FEATURE:0cxx_override
    Feature record: CXX_FEATURE:0cxx_range_for
    Feature record: CXX_FEATURE:0cxx_raw_string_literals
    Feature record: CXX_FEATURE:0cxx_reference_qualified_functions
    Feature record: CXX_FEATURE:0cxx_relaxed_constexpr
    Feature record: CXX_FEATURE:0cxx_return_type_deduction
    Feature record: CXX_FEATURE:0cxx_right_angle_brackets
    Feature record: CXX_FEATURE:0cxx_rvalue_references
    Feature record: CXX_FEATURE:0cxx_sizeof_member
    Feature record: CXX_FEATURE:0cxx_static_assert
    Feature record: CXX_FEATURE:0cxx_strong_enums
    Feature record: CXX_FEATURE:1cxx_template_template_parameters
    Feature record: CXX_FEATURE:0cxx_thread_local
    Feature record: CXX_FEATURE:0cxx_trailing_return_types
    Feature record: CXX_FEATURE:0cxx_unicode_literals
    Feature record: CXX_FEATURE:0cxx_uniform_initialization
    Feature record: CXX_FEATURE:0cxx_unrestricted_unions
    Feature record: CXX_FEATURE:0cxx_user_literals
    Feature record: CXX_FEATURE:0cxx_variable_templates
    Feature record: CXX_FEATURE:0cxx_variadic_macros
    Feature record: CXX_FEATURE:0cxx_variadic_templates
Compiling the C compiler identification source file "CMakeCCompilerId.c" succeeded.
Compiler: /vagrant/llvm/build/bin/clang 
Build flags: -lstdc++;-fsanitize=vasan;-fsanitize=vasancaller
Id flags: 

The output was:
0


Compilation of the C compiler identification source "CMakeCCompilerId.c" produced "a.out"

The C compiler identification is Clang, found in "/home/vagrant/reproduce_static_dependency_crash/build_client/CMakeFiles/3.7.2/CompilerIdC/a.out"

Compiling the CXX compiler identification source file "CMakeCXXCompilerId.cpp" succeeded.
Compiler: /vagrant/llvm/build/bin/clang++ 
Build flags: -lstdc++;-fsanitize=vasan;-fsanitize=vasancaller
Id flags: 

The output was:
0


Compilation of the CXX compiler identification source "CMakeCXXCompilerId.cpp" produced "a.out"

The CXX compiler identification is Clang, found in "/home/vagrant/reproduce_static_dependency_crash/build_client/CMakeFiles/3.7.2/CompilerIdCXX/a.out"

Determining if the C compiler works passed with the following output:
Change Dir: /home/vagrant/reproduce_static_dependency_crash/build_client/CMakeFiles/CMakeTmp

Run Build Command:"/usr/bin/make" "cmTC_88c83/fast"
/usr/bin/make -f CMakeFiles/cmTC_88c83.dir/build.make CMakeFiles/cmTC_88c83.dir/build
make[1]: Entering directory `/home/vagrant/reproduce_static_dependency_crash/build_client/CMakeFiles/CMakeTmp'
Building C object CMakeFiles/cmTC_88c83.dir/testCCompiler.c.o
/vagrant/llvm/build/bin/clang    -lstdc++ -fsanitize=vasan -fsanitize=vasancaller    -o CMakeFiles/cmTC_88c83.dir/testCCompiler.c.o   -c /home/vagrant/reproduce_static_dependency_crash/build_client/CMakeFiles/CMakeTmp/testCCompiler.c
clang: warning: -Z-reserved-lib-stdc++: 'linker' input unused
Linking C executable cmTC_88c83
/home/vagrant/cmake-3.7.2-Linux-x86_64/bin/cmake -E cmake_link_script CMakeFiles/cmTC_88c83.dir/link.txt --verbose=1
/vagrant/llvm/build/bin/clang  -lstdc++ -fsanitize=vasan -fsanitize=vasancaller     CMakeFiles/cmTC_88c83.dir/testCCompiler.c.o  -o cmTC_88c83 
make[1]: Leaving directory `/home/vagrant/reproduce_static_dependency_crash/build_client/CMakeFiles/CMakeTmp'


Detecting C compiler ABI info compiled with the following output:
Change Dir: /home/vagrant/reproduce_static_dependency_crash/build_client/CMakeFiles/CMakeTmp

Run Build Command:"/usr/bin/make" "cmTC_8ce77/fast"
/usr/bin/make -f CMakeFiles/cmTC_8ce77.dir/build.make CMakeFiles/cmTC_8ce77.dir/build
make[1]: Entering directory `/home/vagrant/reproduce_static_dependency_crash/build_client/CMakeFiles/CMakeTmp'
Building C object CMakeFiles/cmTC_8ce77.dir/CMakeCCompilerABI.c.o
/vagrant/llvm/build/bin/clang    -lstdc++ -fsanitize=vasan -fsanitize=vasancaller    -o CMakeFiles/cmTC_8ce77.dir/CMakeCCompilerABI.c.o   -c /home/vagrant/cmake-3.7.2-Linux-x86_64/share/cmake-3.7/Modules/CMakeCCompilerABI.c
clang: warning: -Z-reserved-lib-stdc++: 'linker' input unused
Linking C executable cmTC_8ce77
/home/vagrant/cmake-3.7.2-Linux-x86_64/bin/cmake -E cmake_link_script CMakeFiles/cmTC_8ce77.dir/link.txt --verbose=1
/vagrant/llvm/build/bin/clang  -lstdc++ -fsanitize=vasan -fsanitize=vasancaller    -v CMakeFiles/cmTC_8ce77.dir/CMakeCCompilerABI.c.o  -o cmTC_8ce77  
clang version 3.9.1 
Target: x86_64-unknown-linux-gnu
Thread model: posix
InstalledDir: /vagrant/llvm/build/bin
Found candidate GCC installation: /usr/lib/gcc/x86_64-linux-gnu/4.8
Found candidate GCC installation: /usr/lib/gcc/x86_64-linux-gnu/4.8.4
Found candidate GCC installation: /usr/lib/gcc/x86_64-linux-gnu/4.9
Found candidate GCC installation: /usr/lib/gcc/x86_64-linux-gnu/4.9.3
Selected GCC installation: /usr/lib/gcc/x86_64-linux-gnu/4.8
Candidate multilib: .;@m64
Candidate multilib: 32;@m32
Candidate multilib: x32;@mx32
Selected multilib: .;@m64
 "/usr/bin/ld" -z relro --hash-style=gnu --eh-frame-hdr -m elf_x86_64 -dynamic-linker /lib64/ld-linux-x86-64.so.2 -o cmTC_8ce77 /usr/lib/gcc/x86_64-linux-gnu/4.8/../../../x86_64-linux-gnu/crt1.o /usr/lib/gcc/x86_64-linux-gnu/4.8/../../../x86_64-linux-gnu/crti.o /usr/lib/gcc/x86_64-linux-gnu/4.8/crtbegin.o -L/usr/lib/gcc/x86_64-linux-gnu/4.8 -L/usr/lib/gcc/x86_64-linux-gnu/4.8/../../../x86_64-linux-gnu -L/lib/x86_64-linux-gnu -L/lib/../lib64 -L/usr/lib/x86_64-linux-gnu -L/usr/lib/gcc/x86_64-linux-gnu/4.8/../../.. -L/vagrant/llvm/build/bin/../lib -L/lib -L/usr/lib -whole-archive /vagrant/llvm/build/bin/../lib/clang/3.9.1/lib/linux/libclang_rt.ubsan_standalone-x86_64.a -no-whole-archive --dynamic-list=/vagrant/llvm/build/bin/../lib/clang/3.9.1/lib/linux/libclang_rt.ubsan_standalone-x86_64.a.syms -whole-archive /vagrant/llvm/build/bin/../lib/clang/3.9.1/lib/linux/libclang_rt.vasan-x86_64.a -no-whole-archive -whole-archive /vagrant/llvm/build/bin/../lib/clang/3.9.1/lib/linux/libclang_rt.vasancaller-x86_64.a -no-whole-archive -export-dynamic -lstdc++ CMakeFiles/cmTC_8ce77.dir/CMakeCCompilerABI.c.o --no-as-needed -lpthread -lrt -lm -ldl -lgcc --as-needed -lgcc_s --no-as-needed -lc -lgcc --as-needed -lgcc_s --no-as-needed /usr/lib/gcc/x86_64-linux-gnu/4.8/crtend.o /usr/lib/gcc/x86_64-linux-gnu/4.8/../../../x86_64-linux-gnu/crtn.o
make[1]: Leaving directory `/home/vagrant/reproduce_static_dependency_crash/build_client/CMakeFiles/CMakeTmp'


Parsed C implicit link information from above output:
  link line regex: [^( *|.*[/\])(ld|([^/\]+-)?ld|collect2)[^/\]*( |$)]
  ignore line: [Change Dir: /home/vagrant/reproduce_static_dependency_crash/build_client/CMakeFiles/CMakeTmp]
  ignore line: []
  ignore line: [Run Build Command:"/usr/bin/make" "cmTC_8ce77/fast"]
  ignore line: [/usr/bin/make -f CMakeFiles/cmTC_8ce77.dir/build.make CMakeFiles/cmTC_8ce77.dir/build]
  ignore line: [make[1]: Entering directory `/home/vagrant/reproduce_static_dependency_crash/build_client/CMakeFiles/CMakeTmp']
  ignore line: [Building C object CMakeFiles/cmTC_8ce77.dir/CMakeCCompilerABI.c.o]
  ignore line: [/vagrant/llvm/build/bin/clang    -lstdc++ -fsanitize=vasan -fsanitize=vasancaller    -o CMakeFiles/cmTC_8ce77.dir/CMakeCCompilerABI.c.o   -c /home/vagrant/cmake-3.7.2-Linux-x86_64/share/cmake-3.7/Modules/CMakeCCompilerABI.c]
  ignore line: [clang: warning: -Z-reserved-lib-stdc++: 'linker' input unused]
  ignore line: [Linking C executable cmTC_8ce77]
  ignore line: [/home/vagrant/cmake-3.7.2-Linux-x86_64/bin/cmake -E cmake_link_script CMakeFiles/cmTC_8ce77.dir/link.txt --verbose=1]
  ignore line: [/vagrant/llvm/build/bin/clang  -lstdc++ -fsanitize=vasan -fsanitize=vasancaller    -v CMakeFiles/cmTC_8ce77.dir/CMakeCCompilerABI.c.o  -o cmTC_8ce77  ]
  ignore line: [clang version 3.9.1 ]
  ignore line: [Target: x86_64-unknown-linux-gnu]
  ignore line: [Thread model: posix]
  ignore line: [InstalledDir: /vagrant/llvm/build/bin]
  ignore line: [Found candidate GCC installation: /usr/lib/gcc/x86_64-linux-gnu/4.8]
  ignore line: [Found candidate GCC installation: /usr/lib/gcc/x86_64-linux-gnu/4.8.4]
  ignore line: [Found candidate GCC installation: /usr/lib/gcc/x86_64-linux-gnu/4.9]
  ignore line: [Found candidate GCC installation: /usr/lib/gcc/x86_64-linux-gnu/4.9.3]
  ignore line: [Selected GCC installation: /usr/lib/gcc/x86_64-linux-gnu/4.8]
  ignore line: [Candidate multilib: .]
  ignore line: [@m64]
  ignore line: [Candidate multilib: 32]
  ignore line: [@m32]
  ignore line: [Candidate multilib: x32]
  ignore line: [@mx32]
  ignore line: [Selected multilib: .]
  ignore line: [@m64]
  link line: [ "/usr/bin/ld" -z relro --hash-style=gnu --eh-frame-hdr -m elf_x86_64 -dynamic-linker /lib64/ld-linux-x86-64.so.2 -o cmTC_8ce77 /usr/lib/gcc/x86_64-linux-gnu/4.8/../../../x86_64-linux-gnu/crt1.o /usr/lib/gcc/x86_64-linux-gnu/4.8/../../../x86_64-linux-gnu/crti.o /usr/lib/gcc/x86_64-linux-gnu/4.8/crtbegin.o -L/usr/lib/gcc/x86_64-linux-gnu/4.8 -L/usr/lib/gcc/x86_64-linux-gnu/4.8/../../../x86_64-linux-gnu -L/lib/x86_64-linux-gnu -L/lib/../lib64 -L/usr/lib/x86_64-linux-gnu -L/usr/lib/gcc/x86_64-linux-gnu/4.8/../../.. -L/vagrant/llvm/build/bin/../lib -L/lib -L/usr/lib -whole-archive /vagrant/llvm/build/bin/../lib/clang/3.9.1/lib/linux/libclang_rt.ubsan_standalone-x86_64.a -no-whole-archive --dynamic-list=/vagrant/llvm/build/bin/../lib/clang/3.9.1/lib/linux/libclang_rt.ubsan_standalone-x86_64.a.syms -whole-archive /vagrant/llvm/build/bin/../lib/clang/3.9.1/lib/linux/libclang_rt.vasan-x86_64.a -no-whole-archive -whole-archive /vagrant/llvm/build/bin/../lib/clang/3.9.1/lib/linux/libclang_rt.vasancaller-x86_64.a -no-whole-archive -export-dynamic -lstdc++ CMakeFiles/cmTC_8ce77.dir/CMakeCCompilerABI.c.o --no-as-needed -lpthread -lrt -lm -ldl -lgcc --as-needed -lgcc_s --no-as-needed -lc -lgcc --as-needed -lgcc_s --no-as-needed /usr/lib/gcc/x86_64-linux-gnu/4.8/crtend.o /usr/lib/gcc/x86_64-linux-gnu/4.8/../../../x86_64-linux-gnu/crtn.o]
    arg [/usr/bin/ld] ==> ignore
    arg [-zrelro] ==> ignore
    arg [--hash-style=gnu] ==> ignore
    arg [--eh-frame-hdr] ==> ignore
    arg [-m] ==> ignore
    arg [elf_x86_64] ==> ignore
    arg [-dynamic-linker] ==> ignore
    arg [/lib64/ld-linux-x86-64.so.2] ==> ignore
    arg [-o] ==> ignore
    arg [cmTC_8ce77] ==> ignore
    arg [/usr/lib/gcc/x86_64-linux-gnu/4.8/../../../x86_64-linux-gnu/crt1.o] ==> ignore
    arg [/usr/lib/gcc/x86_64-linux-gnu/4.8/../../../x86_64-linux-gnu/crti.o] ==> ignore
    arg [/usr/lib/gcc/x86_64-linux-gnu/4.8/crtbegin.o] ==> ignore
    arg [-L/usr/lib/gcc/x86_64-linux-gnu/4.8] ==> dir [/usr/lib/gcc/x86_64-linux-gnu/4.8]
    arg [-L/usr/lib/gcc/x86_64-linux-gnu/4.8/../../../x86_64-linux-gnu] ==> dir [/usr/lib/gcc/x86_64-linux-gnu/4.8/../../../x86_64-linux-gnu]
    arg [-L/lib/x86_64-linux-gnu] ==> dir [/lib/x86_64-linux-gnu]
    arg [-L/lib/../lib64] ==> dir [/lib/../lib64]
    arg [-L/usr/lib/x86_64-linux-gnu] ==> dir [/usr/lib/x86_64-linux-gnu]
    arg [-L/usr/lib/gcc/x86_64-linux-gnu/4.8/../../..] ==> dir [/usr/lib/gcc/x86_64-linux-gnu/4.8/../../..]
    arg [-L/vagrant/llvm/build/bin/../lib] ==> dir [/vagrant/llvm/build/bin/../lib]
    arg [-L/lib] ==> dir [/lib]
    arg [-L/usr/lib] ==> dir [/usr/lib]
    arg [-whole-archive] ==> ignore
    arg [/vagrant/llvm/build/bin/../lib/clang/3.9.1/lib/linux/libclang_rt.ubsan_standalone-x86_64.a] ==> lib [/vagrant/llvm/build/bin/../lib/clang/3.9.1/lib/linux/libclang_rt.ubsan_standalone-x86_64.a]
    arg [-no-whole-archive] ==> ignore
    arg [--dynamic-list=/vagrant/llvm/build/bin/../lib/clang/3.9.1/lib/linux/libclang_rt.ubsan_standalone-x86_64.a.syms] ==> ignore
    arg [-whole-archive] ==> ignore
    arg [/vagrant/llvm/build/bin/../lib/clang/3.9.1/lib/linux/libclang_rt.vasan-x86_64.a] ==> lib [/vagrant/llvm/build/bin/../lib/clang/3.9.1/lib/linux/libclang_rt.vasan-x86_64.a]
    arg [-no-whole-archive] ==> ignore
    arg [-whole-archive] ==> ignore
    arg [/vagrant/llvm/build/bin/../lib/clang/3.9.1/lib/linux/libclang_rt.vasancaller-x86_64.a] ==> lib [/vagrant/llvm/build/bin/../lib/clang/3.9.1/lib/linux/libclang_rt.vasancaller-x86_64.a]
    arg [-no-whole-archive] ==> ignore
    arg [-export-dynamic] ==> ignore
    arg [-lstdc++] ==> lib [stdc++]
    arg [CMakeFiles/cmTC_8ce77.dir/CMakeCCompilerABI.c.o] ==> ignore
    arg [--no-as-needed] ==> ignore
    arg [-lpthread] ==> lib [pthread]
    arg [-lrt] ==> lib [rt]
    arg [-lm] ==> lib [m]
    arg [-ldl] ==> lib [dl]
    arg [-lgcc] ==> lib [gcc]
    arg [--as-needed] ==> ignore
    arg [-lgcc_s] ==> lib [gcc_s]
    arg [--no-as-needed] ==> ignore
    arg [-lc] ==> lib [c]
    arg [-lgcc] ==> lib [gcc]
    arg [--as-needed] ==> ignore
    arg [-lgcc_s] ==> lib [gcc_s]
    arg [--no-as-needed] ==> ignore
    arg [/usr/lib/gcc/x86_64-linux-gnu/4.8/crtend.o] ==> ignore
    arg [/usr/lib/gcc/x86_64-linux-gnu/4.8/../../../x86_64-linux-gnu/crtn.o] ==> ignore
  remove lib [/vagrant/llvm/build/bin/../lib/clang/3.9.1/lib/linux/libclang_rt.ubsan_standalone-x86_64.a]
  remove lib [/vagrant/llvm/build/bin/../lib/clang/3.9.1/lib/linux/libclang_rt.vasan-x86_64.a]
  remove lib [/vagrant/llvm/build/bin/../lib/clang/3.9.1/lib/linux/libclang_rt.vasancaller-x86_64.a]
  remove lib [gcc]
  remove lib [gcc_s]
  remove lib [gcc]
  remove lib [gcc_s]
  collapse library dir [/usr/lib/gcc/x86_64-linux-gnu/4.8] ==> [/usr/lib/gcc/x86_64-linux-gnu/4.8]
  collapse library dir [/usr/lib/gcc/x86_64-linux-gnu/4.8/../../../x86_64-linux-gnu] ==> [/usr/lib/x86_64-linux-gnu]
  collapse library dir [/lib/x86_64-linux-gnu] ==> [/lib/x86_64-linux-gnu]
  collapse library dir [/lib/../lib64] ==> [/lib64]
  collapse library dir [/usr/lib/x86_64-linux-gnu] ==> [/usr/lib/x86_64-linux-gnu]
  collapse library dir [/usr/lib/gcc/x86_64-linux-gnu/4.8/../../..] ==> [/usr/lib]
  collapse library dir [/vagrant/llvm/build/bin/../lib] ==> [/vagrant/llvm/build/lib]
  collapse library dir [/lib] ==> [/lib]
  collapse library dir [/usr/lib] ==> [/usr/lib]
  implicit libs: [stdc++;pthread;rt;m;dl;c]
  implicit dirs: [/usr/lib/gcc/x86_64-linux-gnu/4.8;/usr/lib/x86_64-linux-gnu;/lib/x86_64-linux-gnu;/lib64;/usr/lib;/vagrant/llvm/build/lib;/lib]
  implicit fwks: []




Detecting C [-std=c11] compiler features compiled with the following output:
Change Dir: /home/vagrant/reproduce_static_dependency_crash/build_client/CMakeFiles/CMakeTmp

Run Build Command:"/usr/bin/make" "cmTC_4c55b/fast"
/usr/bin/make -f CMakeFiles/cmTC_4c55b.dir/build.make CMakeFiles/cmTC_4c55b.dir/build
make[1]: Entering directory `/home/vagrant/reproduce_static_dependency_crash/build_client/CMakeFiles/CMakeTmp'
Building C object CMakeFiles/cmTC_4c55b.dir/feature_tests.c.o
/vagrant/llvm/build/bin/clang    -lstdc++ -fsanitize=vasan -fsanitize=vasancaller    -std=c11 -o CMakeFiles/cmTC_4c55b.dir/feature_tests.c.o   -c /home/vagrant/reproduce_static_dependency_crash/build_client/CMakeFiles/feature_tests.c
clang: warning: -Z-reserved-lib-stdc++: 'linker' input unused
Linking C executable cmTC_4c55b
/home/vagrant/cmake-3.7.2-Linux-x86_64/bin/cmake -E cmake_link_script CMakeFiles/cmTC_4c55b.dir/link.txt --verbose=1
/vagrant/llvm/build/bin/clang  -lstdc++ -fsanitize=vasan -fsanitize=vasancaller     CMakeFiles/cmTC_4c55b.dir/feature_tests.c.o  -o cmTC_4c55b 
make[1]: Leaving directory `/home/vagrant/reproduce_static_dependency_crash/build_client/CMakeFiles/CMakeTmp'


    Feature record: C_FEATURE:1c_function_prototypes
    Feature record: C_FEATURE:1c_restrict
    Feature record: C_FEATURE:1c_static_assert
    Feature record: C_FEATURE:1c_variadic_macros


Detecting C [-std=c99] compiler features compiled with the following output:
Change Dir: /home/vagrant/reproduce_static_dependency_crash/build_client/CMakeFiles/CMakeTmp

Run Build Command:"/usr/bin/make" "cmTC_826be/fast"
/usr/bin/make -f CMakeFiles/cmTC_826be.dir/build.make CMakeFiles/cmTC_826be.dir/build
make[1]: Entering directory `/home/vagrant/reproduce_static_dependency_crash/build_client/CMakeFiles/CMakeTmp'
Building C object CMakeFiles/cmTC_826be.dir/feature_tests.c.o
/vagrant/llvm/build/bin/clang    -lstdc++ -fsanitize=vasan -fsanitize=vasancaller    -std=c99 -o CMakeFiles/cmTC_826be.dir/feature_tests.c.o   -c /home/vagrant/reproduce_static_dependency_crash/build_client/CMakeFiles/feature_tests.c
clang: warning: -Z-reserved-lib-stdc++: 'linker' input unused
Linking C executable cmTC_826be
/home/vagrant/cmake-3.7.2-Linux-x86_64/bin/cmake -E cmake_link_script CMakeFiles/cmTC_826be.dir/link.txt --verbose=1
/vagrant/llvm/build/bin/clang  -lstdc++ -fsanitize=vasan -fsanitize=vasancaller     CMakeFiles/cmTC_826be.dir/feature_tests.c.o  -o cmTC_826be 
make[1]: Leaving directory `/home/vagrant/reproduce_static_dependency_crash/build_client/CMakeFiles/CMakeTmp'


    Feature record: C_FEATURE:1c_function_prototypes
    Feature record: C_FEATURE:1c_restrict
    Feature record: C_FEATURE:0c_static_assert
    Feature record: C_FEATURE:1c_variadic_macros


Detecting C [-std=c90] compiler features compiled with the following output:
Change Dir: /home/vagrant/reproduce_static_dependency_crash/build_client/CMakeFiles/CMakeTmp

Run Build Command:"/usr/bin/make" "cmTC_07b76/fast"
/usr/bin/make -f CMakeFiles/cmTC_07b76.dir/build.make CMakeFiles/cmTC_07b76.dir/build
make[1]: Entering directory `/home/vagrant/reproduce_static_dependency_crash/build_client/CMakeFiles/CMakeTmp'
Building C object CMakeFiles/cmTC_07b76.dir/feature_tests.c.o
/vagrant/llvm/build/bin/clang    -lstdc++ -fsanitize=vasan -fsanitize=vasancaller    -std=c90 -o CMakeFiles/cmTC_07b76.dir/feature_tests.c.o   -c /home/vagrant/reproduce_static_dependency_crash/build_client/CMakeFiles/feature_tests.c
clang: warning: -Z-reserved-lib-stdc++: 'linker' input unused
Linking C executable cmTC_07b76
/home/vagrant/cmake-3.7.2-Linux-x86_64/bin/cmake -E cmake_link_script CMakeFiles/cmTC_07b76.dir/link.txt --verbose=1
/vagrant/llvm/build/bin/clang  -lstdc++ -fsanitize=vasan -fsanitize=vasancaller     CMakeFiles/cmTC_07b76.dir/feature_tests.c.o  -o cmTC_07b76 
make[1]: Leaving directory `/home/vagrant/reproduce_static_dependency_crash/build_client/CMakeFiles/CMakeTmp'


    Feature record: C_FEATURE:1c_function_prototypes
    Feature record: C_FEATURE:0c_restrict
    Feature record: C_FEATURE:0c_static_assert
    Feature record: C_FEATURE:0c_variadic_macros
Determining if the CXX compiler works passed with the following output:
Change Dir: /home/vagrant/reproduce_static_dependency_crash/build_client/CMakeFiles/CMakeTmp

Run Build Command:"/usr/bin/make" "cmTC_5442d/fast"
/usr/bin/make -f CMakeFiles/cmTC_5442d.dir/build.make CMakeFiles/cmTC_5442d.dir/build
make[1]: Entering directory `/home/vagrant/reproduce_static_dependency_crash/build_client/CMakeFiles/CMakeTmp'
Building CXX object CMakeFiles/cmTC_5442d.dir/testCXXCompiler.cxx.o
/vagrant/llvm/build/bin/clang++     -lstdc++ -fsanitize=vasan -fsanitize=vasancaller    -o CMakeFiles/cmTC_5442d.dir/testCXXCompiler.cxx.o -c /home/vagrant/reproduce_static_dependency_crash/build_client/CMakeFiles/CMakeTmp/testCXXCompiler.cxx
clang++: warning: -Z-reserved-lib-stdc++: 'linker' input unused
Linking CXX executable cmTC_5442d
/home/vagrant/cmake-3.7.2-Linux-x86_64/bin/cmake -E cmake_link_script CMakeFiles/cmTC_5442d.dir/link.txt --verbose=1
/vagrant/llvm/build/bin/clang++   -lstdc++ -fsanitize=vasan -fsanitize=vasancaller     CMakeFiles/cmTC_5442d.dir/testCXXCompiler.cxx.o  -o cmTC_5442d 
make[1]: Leaving directory `/home/vagrant/reproduce_static_dependency_crash/build_client/CMakeFiles/CMakeTmp'


Detecting CXX compiler ABI info compiled with the following output:
Change Dir: /home/vagrant/reproduce_static_dependency_crash/build_client/CMakeFiles/CMakeTmp

Run Build Command:"/usr/bin/make" "cmTC_9b6be/fast"
/usr/bin/make -f CMakeFiles/cmTC_9b6be.dir/build.make CMakeFiles/cmTC_9b6be.dir/build
make[1]: Entering directory `/home/vagrant/reproduce_static_dependency_crash/build_client/CMakeFiles/CMakeTmp'
Building CXX object CMakeFiles/cmTC_9b6be.dir/CMakeCXXCompilerABI.cpp.o
/vagrant/llvm/build/bin/clang++     -lstdc++ -fsanitize=vasan -fsanitize=vasancaller    -o CMakeFiles/cmTC_9b6be.dir/CMakeCXXCompilerABI.cpp.o -c /home/vagrant/cmake-3.7.2-Linux-x86_64/share/cmake-3.7/Modules/CMakeCXXCompilerABI.cpp
clang++: warning: -Z-reserved-lib-stdc++: 'linker' input unused
Linking CXX executable cmTC_9b6be
/home/vagrant/cmake-3.7.2-Linux-x86_64/bin/cmake -E cmake_link_script CMakeFiles/cmTC_9b6be.dir/link.txt --verbose=1
/vagrant/llvm/build/bin/clang++   -lstdc++ -fsanitize=vasan -fsanitize=vasancaller    -v CMakeFiles/cmTC_9b6be.dir/CMakeCXXCompilerABI.cpp.o  -o cmTC_9b6be  
clang version 3.9.1 
Target: x86_64-unknown-linux-gnu
Thread model: posix
InstalledDir: /vagrant/llvm/build/bin
Found candidate GCC installation: /usr/lib/gcc/x86_64-linux-gnu/4.8
Found candidate GCC installation: /usr/lib/gcc/x86_64-linux-gnu/4.8.4
Found candidate GCC installation: /usr/lib/gcc/x86_64-linux-gnu/4.9
Found candidate GCC installation: /usr/lib/gcc/x86_64-linux-gnu/4.9.3
Selected GCC installation: /usr/lib/gcc/x86_64-linux-gnu/4.8
Candidate multilib: .;@m64
Candidate multilib: 32;@m32
Candidate multilib: x32;@mx32
Selected multilib: .;@m64
 "/usr/bin/ld" -z relro --hash-style=gnu --eh-frame-hdr -m elf_x86_64 -dynamic-linker /lib64/ld-linux-x86-64.so.2 -o cmTC_9b6be /usr/lib/gcc/x86_64-linux-gnu/4.8/../../../x86_64-linux-gnu/crt1.o /usr/lib/gcc/x86_64-linux-gnu/4.8/../../../x86_64-linux-gnu/crti.o /usr/lib/gcc/x86_64-linux-gnu/4.8/crtbegin.o -L/usr/lib/gcc/x86_64-linux-gnu/4.8 -L/usr/lib/gcc/x86_64-linux-gnu/4.8/../../../x86_64-linux-gnu -L/lib/x86_64-linux-gnu -L/lib/../lib64 -L/usr/lib/x86_64-linux-gnu -L/usr/lib/gcc/x86_64-linux-gnu/4.8/../../.. -L/vagrant/llvm/build/bin/../lib -L/lib -L/usr/lib -whole-archive /vagrant/llvm/build/bin/../lib/clang/3.9.1/lib/linux/libclang_rt.ubsan_standalone-x86_64.a -no-whole-archive --dynamic-list=/vagrant/llvm/build/bin/../lib/clang/3.9.1/lib/linux/libclang_rt.ubsan_standalone-x86_64.a.syms -whole-archive /vagrant/llvm/build/bin/../lib/clang/3.9.1/lib/linux/libclang_rt.ubsan_standalone_cxx-x86_64.a -no-whole-archive --dynamic-list=/vagrant/llvm/build/bin/../lib/clang/3.9.1/lib/linux/libclang_rt.ubsan_standalone_cxx-x86_64.a.syms -whole-archive /vagrant/llvm/build/bin/../lib/clang/3.9.1/lib/linux/libclang_rt.vasan-x86_64.a -no-whole-archive -whole-archive /vagrant/llvm/build/bin/../lib/clang/3.9.1/lib/linux/libclang_rt.vasancaller-x86_64.a -no-whole-archive -export-dynamic -lstdc++ CMakeFiles/cmTC_9b6be.dir/CMakeCXXCompilerABI.cpp.o -lstdc++ -lm --no-as-needed -lpthread -lrt -lm -ldl -lgcc_s -lgcc -lc -lgcc_s -lgcc /usr/lib/gcc/x86_64-linux-gnu/4.8/crtend.o /usr/lib/gcc/x86_64-linux-gnu/4.8/../../../x86_64-linux-gnu/crtn.o
make[1]: Leaving directory `/home/vagrant/reproduce_static_dependency_crash/build_client/CMakeFiles/CMakeTmp'


Parsed CXX implicit link information from above output:
  link line regex: [^( *|.*[/\])(ld|([^/\]+-)?ld|collect2)[^/\]*( |$)]
  ignore line: [Change Dir: /home/vagrant/reproduce_static_dependency_crash/build_client/CMakeFiles/CMakeTmp]
  ignore line: []
  ignore line: [Run Build Command:"/usr/bin/make" "cmTC_9b6be/fast"]
  ignore line: [/usr/bin/make -f CMakeFiles/cmTC_9b6be.dir/build.make CMakeFiles/cmTC_9b6be.dir/build]
  ignore line: [make[1]: Entering directory `/home/vagrant/reproduce_static_dependency_crash/build_client/CMakeFiles/CMakeTmp']
  ignore line: [Building CXX object CMakeFiles/cmTC_9b6be.dir/CMakeCXXCompilerABI.cpp.o]
  ignore line: [/vagrant/llvm/build/bin/clang++     -lstdc++ -fsanitize=vasan -fsanitize=vasancaller    -o CMakeFiles/cmTC_9b6be.dir/CMakeCXXCompilerABI.cpp.o -c /home/vagrant/cmake-3.7.2-Linux-x86_64/share/cmake-3.7/Modules/CMakeCXXCompilerABI.cpp]
  ignore line: [clang++: warning: -Z-reserved-lib-stdc++: 'linker' input unused]
  ignore line: [Linking CXX executable cmTC_9b6be]
  ignore line: [/home/vagrant/cmake-3.7.2-Linux-x86_64/bin/cmake -E cmake_link_script CMakeFiles/cmTC_9b6be.dir/link.txt --verbose=1]
  ignore line: [/vagrant/llvm/build/bin/clang++   -lstdc++ -fsanitize=vasan -fsanitize=vasancaller    -v CMakeFiles/cmTC_9b6be.dir/CMakeCXXCompilerABI.cpp.o  -o cmTC_9b6be  ]
  ignore line: [clang version 3.9.1 ]
  ignore line: [Target: x86_64-unknown-linux-gnu]
  ignore line: [Thread model: posix]
  ignore line: [InstalledDir: /vagrant/llvm/build/bin]
  ignore line: [Found candidate GCC installation: /usr/lib/gcc/x86_64-linux-gnu/4.8]
  ignore line: [Found candidate GCC installation: /usr/lib/gcc/x86_64-linux-gnu/4.8.4]
  ignore line: [Found candidate GCC installation: /usr/lib/gcc/x86_64-linux-gnu/4.9]
  ignore line: [Found candidate GCC installation: /usr/lib/gcc/x86_64-linux-gnu/4.9.3]
  ignore line: [Selected GCC installation: /usr/lib/gcc/x86_64-linux-gnu/4.8]
  ignore line: [Candidate multilib: .]
  ignore line: [@m64]
  ignore line: [Candidate multilib: 32]
  ignore line: [@m32]
  ignore line: [Candidate multilib: x32]
  ignore line: [@mx32]
  ignore line: [Selected multilib: .]
  ignore line: [@m64]
  link line: [ "/usr/bin/ld" -z relro --hash-style=gnu --eh-frame-hdr -m elf_x86_64 -dynamic-linker /lib64/ld-linux-x86-64.so.2 -o cmTC_9b6be /usr/lib/gcc/x86_64-linux-gnu/4.8/../../../x86_64-linux-gnu/crt1.o /usr/lib/gcc/x86_64-linux-gnu/4.8/../../../x86_64-linux-gnu/crti.o /usr/lib/gcc/x86_64-linux-gnu/4.8/crtbegin.o -L/usr/lib/gcc/x86_64-linux-gnu/4.8 -L/usr/lib/gcc/x86_64-linux-gnu/4.8/../../../x86_64-linux-gnu -L/lib/x86_64-linux-gnu -L/lib/../lib64 -L/usr/lib/x86_64-linux-gnu -L/usr/lib/gcc/x86_64-linux-gnu/4.8/../../.. -L/vagrant/llvm/build/bin/../lib -L/lib -L/usr/lib -whole-archive /vagrant/llvm/build/bin/../lib/clang/3.9.1/lib/linux/libclang_rt.ubsan_standalone-x86_64.a -no-whole-archive --dynamic-list=/vagrant/llvm/build/bin/../lib/clang/3.9.1/lib/linux/libclang_rt.ubsan_standalone-x86_64.a.syms -whole-archive /vagrant/llvm/build/bin/../lib/clang/3.9.1/lib/linux/libclang_rt.ubsan_standalone_cxx-x86_64.a -no-whole-archive --dynamic-list=/vagrant/llvm/build/bin/../lib/clang/3.9.1/lib/linux/libclang_rt.ubsan_standalone_cxx-x86_64.a.syms -whole-archive /vagrant/llvm/build/bin/../lib/clang/3.9.1/lib/linux/libclang_rt.vasan-x86_64.a -no-whole-archive -whole-archive /vagrant/llvm/build/bin/../lib/clang/3.9.1/lib/linux/libclang_rt.vasancaller-x86_64.a -no-whole-archive -export-dynamic -lstdc++ CMakeFiles/cmTC_9b6be.dir/CMakeCXXCompilerABI.cpp.o -lstdc++ -lm --no-as-needed -lpthread -lrt -lm -ldl -lgcc_s -lgcc -lc -lgcc_s -lgcc /usr/lib/gcc/x86_64-linux-gnu/4.8/crtend.o /usr/lib/gcc/x86_64-linux-gnu/4.8/../../../x86_64-linux-gnu/crtn.o]
    arg [/usr/bin/ld] ==> ignore
    arg [-zrelro] ==> ignore
    arg [--hash-style=gnu] ==> ignore
    arg [--eh-frame-hdr] ==> ignore
    arg [-m] ==> ignore
    arg [elf_x86_64] ==> ignore
    arg [-dynamic-linker] ==> ignore
    arg [/lib64/ld-linux-x86-64.so.2] ==> ignore
    arg [-o] ==> ignore
    arg [cmTC_9b6be] ==> ignore
    arg [/usr/lib/gcc/x86_64-linux-gnu/4.8/../../../x86_64-linux-gnu/crt1.o] ==> ignore
    arg [/usr/lib/gcc/x86_64-linux-gnu/4.8/../../../x86_64-linux-gnu/crti.o] ==> ignore
    arg [/usr/lib/gcc/x86_64-linux-gnu/4.8/crtbegin.o] ==> ignore
    arg [-L/usr/lib/gcc/x86_64-linux-gnu/4.8] ==> dir [/usr/lib/gcc/x86_64-linux-gnu/4.8]
    arg [-L/usr/lib/gcc/x86_64-linux-gnu/4.8/../../../x86_64-linux-gnu] ==> dir [/usr/lib/gcc/x86_64-linux-gnu/4.8/../../../x86_64-linux-gnu]
    arg [-L/lib/x86_64-linux-gnu] ==> dir [/lib/x86_64-linux-gnu]
    arg [-L/lib/../lib64] ==> dir [/lib/../lib64]
    arg [-L/usr/lib/x86_64-linux-gnu] ==> dir [/usr/lib/x86_64-linux-gnu]
    arg [-L/usr/lib/gcc/x86_64-linux-gnu/4.8/../../..] ==> dir [/usr/lib/gcc/x86_64-linux-gnu/4.8/../../..]
    arg [-L/vagrant/llvm/build/bin/../lib] ==> dir [/vagrant/llvm/build/bin/../lib]
    arg [-L/lib] ==> dir [/lib]
    arg [-L/usr/lib] ==> dir [/usr/lib]
    arg [-whole-archive] ==> ignore
    arg [/vagrant/llvm/build/bin/../lib/clang/3.9.1/lib/linux/libclang_rt.ubsan_standalone-x86_64.a] ==> lib [/vagrant/llvm/build/bin/../lib/clang/3.9.1/lib/linux/libclang_rt.ubsan_standalone-x86_64.a]
    arg [-no-whole-archive] ==> ignore
    arg [--dynamic-list=/vagrant/llvm/build/bin/../lib/clang/3.9.1/lib/linux/libclang_rt.ubsan_standalone-x86_64.a.syms] ==> ignore
    arg [-whole-archive] ==> ignore
    arg [/vagrant/llvm/build/bin/../lib/clang/3.9.1/lib/linux/libclang_rt.ubsan_standalone_cxx-x86_64.a] ==> lib [/vagrant/llvm/build/bin/../lib/clang/3.9.1/lib/linux/libclang_rt.ubsan_standalone_cxx-x86_64.a]
    arg [-no-whole-archive] ==> ignore
    arg [--dynamic-list=/vagrant/llvm/build/bin/../lib/clang/3.9.1/lib/linux/libclang_rt.ubsan_standalone_cxx-x86_64.a.syms] ==> ignore
    arg [-whole-archive] ==> ignore
    arg [/vagrant/llvm/build/bin/../lib/clang/3.9.1/lib/linux/libclang_rt.vasan-x86_64.a] ==> lib [/vagrant/llvm/build/bin/../lib/clang/3.9.1/lib/linux/libclang_rt.vasan-x86_64.a]
    arg [-no-whole-archive] ==> ignore
    arg [-whole-archive] ==> ignore
    arg [/vagrant/llvm/build/bin/../lib/clang/3.9.1/lib/linux/libclang_rt.vasancaller-x86_64.a] ==> lib [/vagrant/llvm/build/bin/../lib/clang/3.9.1/lib/linux/libclang_rt.vasancaller-x86_64.a]
    arg [-no-whole-archive] ==> ignore
    arg [-export-dynamic] ==> ignore
    arg [-lstdc++] ==> lib [stdc++]
    arg [CMakeFiles/cmTC_9b6be.dir/CMakeCXXCompilerABI.cpp.o] ==> ignore
    arg [-lstdc++] ==> lib [stdc++]
    arg [-lm] ==> lib [m]
    arg [--no-as-needed] ==> ignore
    arg [-lpthread] ==> lib [pthread]
    arg [-lrt] ==> lib [rt]
    arg [-lm] ==> lib [m]
    arg [-ldl] ==> lib [dl]
    arg [-lgcc_s] ==> lib [gcc_s]
    arg [-lgcc] ==> lib [gcc]
    arg [-lc] ==> lib [c]
    arg [-lgcc_s] ==> lib [gcc_s]
    arg [-lgcc] ==> lib [gcc]
    arg [/usr/lib/gcc/x86_64-linux-gnu/4.8/crtend.o] ==> ignore
    arg [/usr/lib/gcc/x86_64-linux-gnu/4.8/../../../x86_64-linux-gnu/crtn.o] ==> ignore
  remove lib [/vagrant/llvm/build/bin/../lib/clang/3.9.1/lib/linux/libclang_rt.ubsan_standalone-x86_64.a]
  remove lib [/vagrant/llvm/build/bin/../lib/clang/3.9.1/lib/linux/libclang_rt.ubsan_standalone_cxx-x86_64.a]
  remove lib [/vagrant/llvm/build/bin/../lib/clang/3.9.1/lib/linux/libclang_rt.vasan-x86_64.a]
  remove lib [/vagrant/llvm/build/bin/../lib/clang/3.9.1/lib/linux/libclang_rt.vasancaller-x86_64.a]
  remove lib [gcc_s]
  remove lib [gcc]
  remove lib [gcc_s]
  remove lib [gcc]
  collapse library dir [/usr/lib/gcc/x86_64-linux-gnu/4.8] ==> [/usr/lib/gcc/x86_64-linux-gnu/4.8]
  collapse library dir [/usr/lib/gcc/x86_64-linux-gnu/4.8/../../../x86_64-linux-gnu] ==> [/usr/lib/x86_64-linux-gnu]
  collapse library dir [/lib/x86_64-linux-gnu] ==> [/lib/x86_64-linux-gnu]
  collapse library dir [/lib/../lib64] ==> [/lib64]
  collapse library dir [/usr/lib/x86_64-linux-gnu] ==> [/usr/lib/x86_64-linux-gnu]
  collapse library dir [/usr/lib/gcc/x86_64-linux-gnu/4.8/../../..] ==> [/usr/lib]
  collapse library dir [/vagrant/llvm/build/bin/../lib] ==> [/vagrant/llvm/build/lib]
  collapse library dir [/lib] ==> [/lib]
  collapse library dir [/usr/lib] ==> [/usr/lib]
  implicit libs: [stdc++;stdc++;m;pthread;rt;m;dl;c]
  implicit dirs: [/usr/lib/gcc/x86_64-linux-gnu/4.8;/usr/lib/x86_64-linux-gnu;/lib/x86_64-linux-gnu;/lib64;/usr/lib;/vagrant/llvm/build/lib;/lib]
  implicit fwks: []




Detecting CXX [-std=c++14] compiler features compiled with the following output:
Change Dir: /home/vagrant/reproduce_static_dependency_crash/build_client/CMakeFiles/CMakeTmp

Run Build Command:"/usr/bin/make" "cmTC_b4826/fast"
/usr/bin/make -f CMakeFiles/cmTC_b4826.dir/build.make CMakeFiles/cmTC_b4826.dir/build
make[1]: Entering directory `/home/vagrant/reproduce_static_dependency_crash/build_client/CMakeFiles/CMakeTmp'
Building CXX object CMakeFiles/cmTC_b4826.dir/feature_tests.cxx.o
/vagrant/llvm/build/bin/clang++     -lstdc++ -fsanitize=vasan -fsanitize=vasancaller    -std=c++14 -o CMakeFiles/cmTC_b4826.dir/feature_tests.cxx.o -c /home/vagrant/reproduce_static_dependency_crash/build_client/CMakeFiles/feature_tests.cxx
clang++: warning: -Z-reserved-lib-stdc++: 'linker' input unused
Linking CXX executable cmTC_b4826
/home/vagrant/cmake-3.7.2-Linux-x86_64/bin/cmake -E cmake_link_script CMakeFiles/cmTC_b4826.dir/link.txt --verbose=1
/vagrant/llvm/build/bin/clang++   -lstdc++ -fsanitize=vasan -fsanitize=vasancaller     CMakeFiles/cmTC_b4826.dir/feature_tests.cxx.o  -o cmTC_b4826 
make[1]: Leaving directory `/home/vagrant/reproduce_static_dependency_crash/build_client/CMakeFiles/CMakeTmp'


    Feature record: CXX_FEATURE:1cxx_aggregate_default_initializers
    Feature record: CXX_FEATURE:1cxx_alias_templates
    Feature record: CXX_FEATURE:1cxx_alignas
    Feature record: CXX_FEATURE:1cxx_alignof
    Feature record: CXX_FEATURE:1cxx_attributes
    Feature record: CXX_FEATURE:1cxx_attribute_deprecated
    Feature record: CXX_FEATURE:1cxx_auto_type
    Feature record: CXX_FEATURE:1cxx_binary_literals
    Feature record: CXX_FEATURE:1cxx_constexpr
    Feature record: CXX_FEATURE:1cxx_contextual_conversions
    Feature record: CXX_FEATURE:1cxx_decltype
    Feature record: CXX_FEATURE:1cxx_decltype_auto
    Feature record: CXX_FEATURE:1cxx_decltype_incomplete_return_types
    Feature record: CXX_FEATURE:1cxx_default_function_template_args
    Feature record: CXX_FEATURE:1cxx_defaulted_functions
    Feature record: CXX_FEATURE:1cxx_defaulted_move_initializers
    Feature record: CXX_FEATURE:1cxx_delegating_constructors
    Feature record: CXX_FEATURE:1cxx_deleted_functions
    Feature record: CXX_FEATURE:1cxx_digit_separators
    Feature record: CXX_FEATURE:1cxx_enum_forward_declarations
    Feature record: CXX_FEATURE:1cxx_explicit_conversions
    Feature record: CXX_FEATURE:1cxx_extended_friend_declarations
    Feature record: CXX_FEATURE:1cxx_extern_templates
    Feature record: CXX_FEATURE:1cxx_final
    Feature record: CXX_FEATURE:1cxx_func_identifier
    Feature record: CXX_FEATURE:1cxx_generalized_initializers
    Feature record: CXX_FEATURE:1cxx_generic_lambdas
    Feature record: CXX_FEATURE:1cxx_inheriting_constructors
    Feature record: CXX_FEATURE:1cxx_inline_namespaces
    Feature record: CXX_FEATURE:1cxx_lambdas
    Feature record: CXX_FEATURE:1cxx_lambda_init_captures
    Feature record: CXX_FEATURE:1cxx_local_type_template_args
    Feature record: CXX_FEATURE:1cxx_long_long_type
    Feature record: CXX_FEATURE:1cxx_noexcept
    Feature record: CXX_FEATURE:1cxx_nonstatic_member_init
    Feature record: CXX_FEATURE:1cxx_nullptr
    Feature record: CXX_FEATURE:1cxx_override
    Feature record: CXX_FEATURE:1cxx_range_for
    Feature record: CXX_FEATURE:1cxx_raw_string_literals
    Feature record: CXX_FEATURE:1cxx_reference_qualified_functions
    Feature record: CXX_FEATURE:1cxx_relaxed_constexpr
    Feature record: CXX_FEATURE:1cxx_return_type_deduction
    Feature record: CXX_FEATURE:1cxx_right_angle_brackets
    Feature record: CXX_FEATURE:1cxx_rvalue_references
    Feature record: CXX_FEATURE:1cxx_sizeof_member
    Feature record: CXX_FEATURE:1cxx_static_assert
    Feature record: CXX_FEATURE:1cxx_strong_enums
    Feature record: CXX_FEATURE:1cxx_template_template_parameters
    Feature record: CXX_FEATURE:1cxx_thread_local
    Feature record: CXX_FEATURE:1cxx_trailing_return_types
    Feature record: CXX_FEATURE:1cxx_unicode_literals
    Feature record: CXX_FEATURE:1cxx_uniform_initialization
    Feature record: CXX_FEATURE:1cxx_unrestricted_unions
    Feature record: CXX_FEATURE:1cxx_user_literals
    Feature record: CXX_FEATURE:1cxx_variable_templates
    Feature record: CXX_FEATURE:1cxx_variadic_macros
    Feature record: CXX_FEATURE:1cxx_variadic_templates


Detecting CXX [-std=c++11] compiler features compiled with the following output:
Change Dir: /home/vagrant/reproduce_static_dependency_crash/build_client/CMakeFiles/CMakeTmp

Run Build Command:"/usr/bin/make" "cmTC_cce69/fast"
/usr/bin/make -f CMakeFiles/cmTC_cce69.dir/build.make CMakeFiles/cmTC_cce69.dir/build
make[1]: Entering directory `/home/vagrant/reproduce_static_dependency_crash/build_client/CMakeFiles/CMakeTmp'
Building CXX object CMakeFiles/cmTC_cce69.dir/feature_tests.cxx.o
/vagrant/llvm/build/bin/clang++     -lstdc++ -fsanitize=vasan -fsanitize=vasancaller    -std=c++11 -o CMakeFiles/cmTC_cce69.dir/feature_tests.cxx.o -c /home/vagrant/reproduce_static_dependency_crash/build_client/CMakeFiles/feature_tests.cxx
clang++: warning: -Z-reserved-lib-stdc++: 'linker' input unused
Linking CXX executable cmTC_cce69
/home/vagrant/cmake-3.7.2-Linux-x86_64/bin/cmake -E cmake_link_script CMakeFiles/cmTC_cce69.dir/link.txt --verbose=1
/vagrant/llvm/build/bin/clang++   -lstdc++ -fsanitize=vasan -fsanitize=vasancaller     CMakeFiles/cmTC_cce69.dir/feature_tests.cxx.o  -o cmTC_cce69 
make[1]: Leaving directory `/home/vagrant/reproduce_static_dependency_crash/build_client/CMakeFiles/CMakeTmp'


    Feature record: CXX_FEATURE:0cxx_aggregate_default_initializers
    Feature record: CXX_FEATURE:1cxx_alias_templates
    Feature record: CXX_FEATURE:1cxx_alignas
    Feature record: CXX_FEATURE:1cxx_alignof
    Feature record: CXX_FEATURE:1cxx_attributes
    Feature record: CXX_FEATURE:0cxx_attribute_deprecated
    Feature record: CXX_FEATURE:1cxx_auto_type
    Feature record: CXX_FEATURE:0cxx_binary_literals
    Feature record: CXX_FEATURE:1cxx_constexpr
    Feature record: CXX_FEATURE:0cxx_contextual_conversions
    Feature record: CXX_FEATURE:1cxx_decltype
    Feature record: CXX_FEATURE:0cxx_decltype_auto
    Feature record: CXX_FEATURE:1cxx_decltype_incomplete_return_types
    Feature record: CXX_FEATURE:1cxx_default_function_template_args
    Feature record: CXX_FEATURE:1cxx_defaulted_functions
    Feature record: CXX_FEATURE:1cxx_defaulted_move_initializers
    Feature record: CXX_FEATURE:1cxx_delegating_constructors
    Feature record: CXX_FEATURE:1cxx_deleted_functions
    Feature record: CXX_FEATURE:0cxx_digit_separators
    Feature record: CXX_FEATURE:1cxx_enum_forward_declarations
    Feature record: CXX_FEATURE:1cxx_explicit_conversions
    Feature record: CXX_FEATURE:1cxx_extended_friend_declarations
    Feature record: CXX_FEATURE:1cxx_extern_templates
    Feature record: CXX_FEATURE:1cxx_final
    Feature record: CXX_FEATURE:1cxx_func_identifier
    Feature record: CXX_FEATURE:1cxx_generalized_initializers
    Feature record: CXX_FEATURE:0cxx_generic_lambdas
    Feature record: CXX_FEATURE:1cxx_inheriting_constructors
    Feature record: CXX_FEATURE:1cxx_inline_namespaces
    Feature record: CXX_FEATURE:1cxx_lambdas
    Feature record: CXX_FEATURE:0cxx_lambda_init_captures
    Feature record: CXX_FEATURE:1cxx_local_type_template_args
    Feature record: CXX_FEATURE:1cxx_long_long_type
    Feature record: CXX_FEATURE:1cxx_noexcept
    Feature record: CXX_FEATURE:1cxx_nonstatic_member_init
    Feature record: CXX_FEATURE:1cxx_nullptr
    Feature record: CXX_FEATURE:1cxx_override
    Feature record: CXX_FEATURE:1cxx_range_for
    Feature record: CXX_FEATURE:1cxx_raw_string_literals
    Feature record: CXX_FEATURE:1cxx_reference_qualified_functions
    Feature record: CXX_FEATURE:0cxx_relaxed_constexpr
    Feature record: CXX_FEATURE:0cxx_return_type_deduction
    Feature record: CXX_FEATURE:1cxx_right_angle_brackets
    Feature record: CXX_FEATURE:1cxx_rvalue_references
    Feature record: CXX_FEATURE:1cxx_sizeof_member
    Feature record: CXX_FEATURE:1cxx_static_assert
    Feature record: CXX_FEATURE:1cxx_strong_enums
    Feature record: CXX_FEATURE:1cxx_template_template_parameters
    Feature record: CXX_FEATURE:1cxx_thread_local
    Feature record: CXX_FEATURE:1cxx_trailing_return_types
    Feature record: CXX_FEATURE:1cxx_unicode_literals
    Feature record: CXX_FEATURE:1cxx_uniform_initialization
    Feature record: CXX_FEATURE:1cxx_unrestricted_unions
    Feature record: CXX_FEATURE:1cxx_user_literals
    Feature record: CXX_FEATURE:0cxx_variable_templates
    Feature record: CXX_FEATURE:1cxx_variadic_macros
    Feature record: CXX_FEATURE:1cxx_variadic_templates


Detecting CXX [-std=c++98] compiler features compiled with the following output:
Change Dir: /home/vagrant/reproduce_static_dependency_crash/build_client/CMakeFiles/CMakeTmp

Run Build Command:"/usr/bin/make" "cmTC_fc19c/fast"
/usr/bin/make -f CMakeFiles/cmTC_fc19c.dir/build.make CMakeFiles/cmTC_fc19c.dir/build
make[1]: Entering directory `/home/vagrant/reproduce_static_dependency_crash/build_client/CMakeFiles/CMakeTmp'
Building CXX object CMakeFiles/cmTC_fc19c.dir/feature_tests.cxx.o
/vagrant/llvm/build/bin/clang++     -lstdc++ -fsanitize=vasan -fsanitize=vasancaller    -std=c++98 -o CMakeFiles/cmTC_fc19c.dir/feature_tests.cxx.o -c /home/vagrant/reproduce_static_dependency_crash/build_client/CMakeFiles/feature_tests.cxx
clang++: warning: -Z-reserved-lib-stdc++: 'linker' input unused
Linking CXX executable cmTC_fc19c
/home/vagrant/cmake-3.7.2-Linux-x86_64/bin/cmake -E cmake_link_script CMakeFiles/cmTC_fc19c.dir/link.txt --verbose=1
/vagrant/llvm/build/bin/clang++   -lstdc++ -fsanitize=vasan -fsanitize=vasancaller     CMakeFiles/cmTC_fc19c.dir/feature_tests.cxx.o  -o cmTC_fc19c 
make[1]: Leaving directory `/home/vagrant/reproduce_static_dependency_crash/build_client/CMakeFiles/CMakeTmp'


    Feature record: CXX_FEATURE:0cxx_aggregate_default_initializers
    Feature record: CXX_FEATURE:0cxx_alias_templates
    Feature record: CXX_FEATURE:0cxx_alignas
    Feature record: CXX_FEATURE:0cxx_alignof
    Feature record: CXX_FEATURE:0cxx_attributes
    Feature record: CXX_FEATURE:0cxx_attribute_deprecated
    Feature record: CXX_FEATURE:0cxx_auto_type
    Feature record: CXX_FEATURE:0cxx_binary_literals
    Feature record: CXX_FEATURE:0cxx_constexpr
    Feature record: CXX_FEATURE:0cxx_contextual_conversions
    Feature record: CXX_FEATURE:0cxx_decltype
    Feature record: CXX_FEATURE:0cxx_decltype_auto
    Feature record: CXX_FEATURE:0cxx_decltype_incomplete_return_types
    Feature record: CXX_FEATURE:0cxx_default_function_template_args
    Feature record: CXX_FEATURE:0cxx_defaulted_functions
    Feature record: CXX_FEATURE:0cxx_defaulted_move_initializers
    Feature record: CXX_FEATURE:0cxx_delegating_constructors
    Feature record: CXX_FEATURE:0cxx_deleted_functions
    Feature record: CXX_FEATURE:0cxx_digit_separators
    Feature record: CXX_FEATURE:0cxx_enum_forward_declarations
    Feature record: CXX_FEATURE:0cxx_explicit_conversions
    Feature record: CXX_FEATURE:0cxx_extended_friend_declarations
    Feature record: CXX_FEATURE:0cxx_extern_templates
    Feature record: CXX_FEATURE:0cxx_final
    Feature record: CXX_FEATURE:0cxx_func_identifier
    Feature record: CXX_FEATURE:0cxx_generalized_initializers
    Feature record: CXX_FEATURE:0cxx_generic_lambdas
    Feature record: CXX_FEATURE:0cxx_inheriting_constructors
    Feature record: CXX_FEATURE:0cxx_inline_namespaces
    Feature record: CXX_FEATURE:0cxx_lambdas
    Feature record: CXX_FEATURE:0cxx_lambda_init_captures
    Feature record: CXX_FEATURE:0cxx_local_type_template_args
    Feature record: CXX_FEATURE:0cxx_long_long_type
    Feature record: CXX_FEATURE:0cxx_noexcept
    Feature record: CXX_FEATURE:0cxx_nonstatic_member_init
    Feature record: CXX_FEATURE:0cxx_nullptr
    Feature record: CXX_FEATURE:0cxx_override
    Feature record: CXX_FEATURE:0cxx_range_for
    Feature record: CXX_FEATURE:0cxx_raw_string_literals
    Feature record: CXX_FEATURE:0cxx_reference_qualified_functions
    Feature record: CXX_FEATURE:0cxx_relaxed_constexpr
    Feature record: CXX_FEATURE:0cxx_return_type_deduction
    Feature record: CXX_FEATURE:0cxx_right_angle_brackets
    Feature record: CXX_FEATURE:0cxx_rvalue_references
    Feature record: CXX_FEATURE:0cxx_sizeof_member
    Feature record: CXX_FEATURE:0cxx_static_assert
    Feature record: CXX_FEATURE:0cxx_strong_enums
    Feature record: CXX_FEATURE:1cxx_template_template_parameters
    Feature record: CXX_FEATURE:0cxx_thread_local
    Feature record: CXX_FEATURE:0cxx_trailing_return_types
    Feature record: CXX_FEATURE:0cxx_unicode_literals
    Feature record: CXX_FEATURE:0cxx_uniform_initialization
    Feature record: CXX_FEATURE:0cxx_unrestricted_unions
    Feature record: CXX_FEATURE:0cxx_user_literals
    Feature record: CXX_FEATURE:0cxx_variable_templates
    Feature record: CXX_FEATURE:0cxx_variadic_macros
    Feature record: CXX_FEATURE:0cxx_variadic_templates
